{"C:\\Users\\user\\Documents\\organicus-server\\app.js": {"path":"C:\\Users\\user\\Documents\\organicus-server\\app.js","statementMap":{"0":{"start":{"line":1,"column":16},"end":{"line":1,"column":34}},"1":{"start":{"line":2,"column":17},"end":{"line":2,"column":36}},"2":{"start":{"line":3,"column":15},"end":{"line":3,"column":32}},"3":{"start":{"line":4,"column":19},"end":{"line":4,"column":41}},"4":{"start":{"line":5,"column":21},"end":{"line":5,"column":45}},"5":{"start":{"line":6,"column":25},"end":{"line":6,"column":53}},"6":{"start":{"line":7,"column":13},"end":{"line":7,"column":28}},"7":{"start":{"line":10,"column":12},"end":{"line":10,"column":21}},"8":{"start":{"line":13,"column":19},"end":{"line":13,"column":43}},"9":{"start":{"line":14,"column":19},"end":{"line":14,"column":43}},"10":{"start":{"line":15,"column":23},"end":{"line":15,"column":51}},"11":{"start":{"line":16,"column":22},"end":{"line":16,"column":49}},"12":{"start":{"line":17,"column":22},"end":{"line":17,"column":49}},"13":{"start":{"line":18,"column":23},"end":{"line":18,"column":51}},"14":{"start":{"line":19,"column":22},"end":{"line":19,"column":49}},"15":{"start":{"line":20,"column":24},"end":{"line":20,"column":53}},"16":{"start":{"line":21,"column":21},"end":{"line":21,"column":47}},"17":{"start":{"line":22,"column":20},"end":{"line":22,"column":45}},"18":{"start":{"line":23,"column":19},"end":{"line":23,"column":43}},"19":{"start":{"line":26,"column":0},"end":{"line":34,"column":42}},"20":{"start":{"line":34,"column":13},"end":{"line":34,"column":40}},"21":{"start":{"line":36,"column":0},"end":{"line":38,"column":3}},"22":{"start":{"line":37,"column":1},"end":{"line":37,"column":51}},"23":{"start":{"line":42,"column":0},"end":{"line":43,"column":24}},"24":{"start":{"line":43,"column":1},"end":{"line":43,"column":24}},"25":{"start":{"line":44,"column":0},"end":{"line":44,"column":27}},"26":{"start":{"line":45,"column":0},"end":{"line":45,"column":24}},"27":{"start":{"line":46,"column":0},"end":{"line":46,"column":28}},"28":{"start":{"line":47,"column":0},"end":{"line":47,"column":16}},"29":{"start":{"line":50,"column":0},"end":{"line":50,"column":27}},"30":{"start":{"line":51,"column":0},"end":{"line":51,"column":27}},"31":{"start":{"line":52,"column":0},"end":{"line":52,"column":31}},"32":{"start":{"line":53,"column":0},"end":{"line":53,"column":30}},"33":{"start":{"line":54,"column":0},"end":{"line":54,"column":30}},"34":{"start":{"line":55,"column":0},"end":{"line":55,"column":31}},"35":{"start":{"line":56,"column":0},"end":{"line":56,"column":30}},"36":{"start":{"line":57,"column":0},"end":{"line":57,"column":32}},"37":{"start":{"line":58,"column":0},"end":{"line":58,"column":29}},"38":{"start":{"line":59,"column":0},"end":{"line":59,"column":28}},"39":{"start":{"line":60,"column":0},"end":{"line":60,"column":27}},"40":{"start":{"line":62,"column":0},"end":{"line":62,"column":20}}},"fnMap":{"0":{"name":"(anonymous_0)","decl":{"start":{"line":34,"column":7},"end":{"line":34,"column":8}},"loc":{"start":{"line":34,"column":13},"end":{"line":34,"column":40}},"line":34},"1":{"name":"(anonymous_1)","decl":{"start":{"line":36,"column":32},"end":{"line":36,"column":33}},"loc":{"start":{"line":36,"column":38},"end":{"line":38,"column":1}},"line":36}},"branchMap":{"0":{"loc":{"start":{"line":42,"column":0},"end":{"line":43,"column":24}},"type":"if","locations":[{"start":{"line":42,"column":0},"end":{"line":43,"column":24}},{"start":{"line":42,"column":0},"end":{"line":43,"column":24}}],"line":42}},"s":{"0":10,"1":10,"2":10,"3":10,"4":10,"5":10,"6":10,"7":10,"8":10,"9":10,"10":10,"11":10,"12":10,"13":10,"14":10,"15":10,"16":10,"17":10,"18":10,"19":10,"20":10,"21":10,"22":0,"23":10,"24":0,"25":10,"26":10,"27":10,"28":10,"29":10,"30":10,"31":10,"32":10,"33":10,"34":10,"35":10,"36":10,"37":10,"38":10,"39":10,"40":10},"f":{"0":10,"1":0},"b":{"0":[0,10]},"_coverageSchema":"1a1c01bbd47fc00a2c39e90264f33305004495a9","hash":"ca08a426b94280d3d811a21534f3229a94b79836"}
,"C:\\Users\\user\\Documents\\organicus-server\\controllers\\auth.js": {"path":"C:\\Users\\user\\Documents\\organicus-server\\controllers\\auth.js","statementMap":{"0":{"start":{"line":1,"column":13},"end":{"line":1,"column":38}},"1":{"start":{"line":2,"column":12},"end":{"line":2,"column":35}},"2":{"start":{"line":3,"column":19},"end":{"line":3,"column":41}},"3":{"start":{"line":5,"column":23},"end":{"line":5,"column":59}},"4":{"start":{"line":7,"column":0},"end":{"line":22,"column":2}},"5":{"start":{"line":8,"column":17},"end":{"line":8,"column":35}},"6":{"start":{"line":9,"column":4},"end":{"line":21,"column":7}},"7":{"start":{"line":10,"column":8},"end":{"line":14,"column":9}},"8":{"start":{"line":11,"column":12},"end":{"line":13,"column":15}},"9":{"start":{"line":15,"column":8},"end":{"line":15,"column":29}},"10":{"start":{"line":16,"column":8},"end":{"line":16,"column":39}},"11":{"start":{"line":17,"column":8},"end":{"line":19,"column":11}},"12":{"start":{"line":24,"column":0},"end":{"line":47,"column":2}},"13":{"start":{"line":25,"column":28},"end":{"line":25,"column":36}},"14":{"start":{"line":26,"column":4},"end":{"line":46,"column":7}},"15":{"start":{"line":28,"column":8},"end":{"line":32,"column":9}},"16":{"start":{"line":29,"column":12},"end":{"line":31,"column":15}},"17":{"start":{"line":34,"column":8},"end":{"line":38,"column":9}},"18":{"start":{"line":35,"column":12},"end":{"line":37,"column":15}},"19":{"start":{"line":40,"column":22},"end":{"line":40,"column":70}},"20":{"start":{"line":42,"column":8},"end":{"line":42,"column":59}},"21":{"start":{"line":44,"column":50},"end":{"line":44,"column":54}},"22":{"start":{"line":45,"column":8},"end":{"line":45,"column":76}},"23":{"start":{"line":49,"column":0},"end":{"line":52,"column":2}},"24":{"start":{"line":50,"column":4},"end":{"line":50,"column":24}},"25":{"start":{"line":51,"column":4},"end":{"line":51,"column":43}},"26":{"start":{"line":54,"column":0},"end":{"line":58,"column":5}},"27":{"start":{"line":60,"column":0},"end":{"line":68,"column":2}},"28":{"start":{"line":61,"column":15},"end":{"line":61,"column":73}},"29":{"start":{"line":62,"column":4},"end":{"line":66,"column":5}},"30":{"start":{"line":63,"column":8},"end":{"line":65,"column":11}},"31":{"start":{"line":67,"column":4},"end":{"line":67,"column":11}},"32":{"start":{"line":70,"column":0},"end":{"line":77,"column":2}},"33":{"start":{"line":71,"column":4},"end":{"line":75,"column":5}},"34":{"start":{"line":72,"column":8},"end":{"line":74,"column":11}},"35":{"start":{"line":76,"column":4},"end":{"line":76,"column":11}}},"fnMap":{"0":{"name":"(anonymous_0)","decl":{"start":{"line":7,"column":17},"end":{"line":7,"column":18}},"loc":{"start":{"line":7,"column":30},"end":{"line":22,"column":1}},"line":7},"1":{"name":"(anonymous_1)","decl":{"start":{"line":9,"column":14},"end":{"line":9,"column":15}},"loc":{"start":{"line":9,"column":28},"end":{"line":21,"column":5}},"line":9},"2":{"name":"(anonymous_2)","decl":{"start":{"line":24,"column":17},"end":{"line":24,"column":18}},"loc":{"start":{"line":24,"column":30},"end":{"line":47,"column":1}},"line":24},"3":{"name":"(anonymous_3)","decl":{"start":{"line":26,"column":26},"end":{"line":26,"column":27}},"loc":{"start":{"line":26,"column":43},"end":{"line":46,"column":5}},"line":26},"4":{"name":"(anonymous_4)","decl":{"start":{"line":49,"column":18},"end":{"line":49,"column":19}},"loc":{"start":{"line":49,"column":31},"end":{"line":52,"column":1}},"line":49},"5":{"name":"(anonymous_5)","decl":{"start":{"line":60,"column":17},"end":{"line":60,"column":18}},"loc":{"start":{"line":60,"column":35},"end":{"line":68,"column":1}},"line":60},"6":{"name":"(anonymous_6)","decl":{"start":{"line":70,"column":21},"end":{"line":70,"column":22}},"loc":{"start":{"line":70,"column":39},"end":{"line":77,"column":1}},"line":70}},"branchMap":{"0":{"loc":{"start":{"line":10,"column":8},"end":{"line":14,"column":9}},"type":"if","locations":[{"start":{"line":10,"column":8},"end":{"line":14,"column":9}},{"start":{"line":10,"column":8},"end":{"line":14,"column":9}}],"line":10},"1":{"loc":{"start":{"line":28,"column":8},"end":{"line":32,"column":9}},"type":"if","locations":[{"start":{"line":28,"column":8},"end":{"line":32,"column":9}},{"start":{"line":28,"column":8},"end":{"line":32,"column":9}}],"line":28},"2":{"loc":{"start":{"line":28,"column":12},"end":{"line":28,"column":25}},"type":"binary-expr","locations":[{"start":{"line":28,"column":12},"end":{"line":28,"column":17}},{"start":{"line":28,"column":20},"end":{"line":28,"column":25}}],"line":28},"3":{"loc":{"start":{"line":34,"column":8},"end":{"line":38,"column":9}},"type":"if","locations":[{"start":{"line":34,"column":8},"end":{"line":38,"column":9}},{"start":{"line":34,"column":8},"end":{"line":38,"column":9}}],"line":34},"4":{"loc":{"start":{"line":61,"column":15},"end":{"line":61,"column":73}},"type":"binary-expr","locations":[{"start":{"line":61,"column":15},"end":{"line":61,"column":26}},{"start":{"line":61,"column":30},"end":{"line":61,"column":38}},{"start":{"line":61,"column":42},"end":{"line":61,"column":73}}],"line":61},"5":{"loc":{"start":{"line":62,"column":4},"end":{"line":66,"column":5}},"type":"if","locations":[{"start":{"line":62,"column":4},"end":{"line":66,"column":5}},{"start":{"line":62,"column":4},"end":{"line":66,"column":5}}],"line":62},"6":{"loc":{"start":{"line":71,"column":4},"end":{"line":75,"column":5}},"type":"if","locations":[{"start":{"line":71,"column":4},"end":{"line":75,"column":5}},{"start":{"line":71,"column":4},"end":{"line":75,"column":5}}],"line":71}},"s":{"0":10,"1":10,"2":10,"3":10,"4":10,"5":2,"6":2,"7":2,"8":1,"9":1,"10":1,"11":1,"12":10,"13":3,"14":3,"15":3,"16":1,"17":2,"18":1,"19":1,"20":1,"21":1,"22":1,"23":10,"24":0,"25":0,"26":10,"27":10,"28":30,"29":30,"30":1,"31":29,"32":10,"33":7,"34":0,"35":7},"f":{"0":2,"1":2,"2":3,"3":3,"4":0,"5":30,"6":7},"b":{"0":[1,1],"1":[1,2],"2":[3,3],"3":[1,1],"4":[30,30,30],"5":[1,29],"6":[0,7]},"_coverageSchema":"1a1c01bbd47fc00a2c39e90264f33305004495a9","hash":"683ab214c97c64506751f25b70a79b51685ef8d0"}
,"C:\\Users\\user\\Documents\\organicus-server\\controllers\\basket.js": {"path":"C:\\Users\\user\\Documents\\organicus-server\\controllers\\basket.js","statementMap":{"0":{"start":{"line":1,"column":15},"end":{"line":1,"column":42}},"1":{"start":{"line":2,"column":19},"end":{"line":2,"column":50}},"2":{"start":{"line":3,"column":14},"end":{"line":3,"column":40}},"3":{"start":{"line":4,"column":18},"end":{"line":4,"column":48}},"4":{"start":{"line":5,"column":16},"end":{"line":5,"column":44}},"5":{"start":{"line":6,"column":13},"end":{"line":6,"column":38}},"6":{"start":{"line":8,"column":53},"end":{"line":8,"column":84}},"7":{"start":{"line":10,"column":0},"end":{"line":26,"column":2}},"8":{"start":{"line":11,"column":4},"end":{"line":25,"column":5}},"9":{"start":{"line":12,"column":23},"end":{"line":12,"column":72}},"10":{"start":{"line":13,"column":8},"end":{"line":18,"column":9}},"11":{"start":{"line":14,"column":27},"end":{"line":14,"column":66}},"12":{"start":{"line":15,"column":12},"end":{"line":15,"column":32}},"13":{"start":{"line":17,"column":12},"end":{"line":17,"column":57}},"14":{"start":{"line":20,"column":28},"end":{"line":20,"column":75}},"15":{"start":{"line":21,"column":8},"end":{"line":21,"column":35}},"16":{"start":{"line":22,"column":8},"end":{"line":22,"column":42}},"17":{"start":{"line":24,"column":8},"end":{"line":24,"column":31}},"18":{"start":{"line":28,"column":0},"end":{"line":68,"column":2}},"19":{"start":{"line":29,"column":4},"end":{"line":67,"column":5}},"20":{"start":{"line":31,"column":23},"end":{"line":31,"column":72}},"21":{"start":{"line":32,"column":8},"end":{"line":35,"column":9}},"22":{"start":{"line":33,"column":30},"end":{"line":33,"column":69}},"23":{"start":{"line":34,"column":12},"end":{"line":34,"column":35}},"24":{"start":{"line":36,"column":8},"end":{"line":36,"column":35}},"25":{"start":{"line":38,"column":24},"end":{"line":38,"column":66}},"26":{"start":{"line":39,"column":8},"end":{"line":40,"column":71}},"27":{"start":{"line":40,"column":12},"end":{"line":40,"column":71}},"28":{"start":{"line":42,"column":32},"end":{"line":42,"column":113}},"29":{"start":{"line":43,"column":8},"end":{"line":55,"column":9}},"30":{"start":{"line":44,"column":12},"end":{"line":44,"column":62}},"31":{"start":{"line":46,"column":12},"end":{"line":47,"column":92}},"32":{"start":{"line":47,"column":16},"end":{"line":47,"column":92}},"33":{"start":{"line":49,"column":12},"end":{"line":49,"column":40}},"34":{"start":{"line":50,"column":12},"end":{"line":50,"column":39}},"35":{"start":{"line":53,"column":12},"end":{"line":53,"column":61}},"36":{"start":{"line":54,"column":12},"end":{"line":54,"column":45}},"37":{"start":{"line":57,"column":8},"end":{"line":58,"column":88}},"38":{"start":{"line":58,"column":12},"end":{"line":58,"column":88}},"39":{"start":{"line":60,"column":27},"end":{"line":60,"column":80}},"40":{"start":{"line":61,"column":8},"end":{"line":61,"column":32}},"41":{"start":{"line":63,"column":8},"end":{"line":63,"column":35}},"42":{"start":{"line":64,"column":8},"end":{"line":64,"column":29}},"43":{"start":{"line":66,"column":8},"end":{"line":66,"column":36}},"44":{"start":{"line":70,"column":0},"end":{"line":91,"column":1}},"45":{"start":{"line":71,"column":4},"end":{"line":90,"column":5}},"46":{"start":{"line":72,"column":8},"end":{"line":73,"column":57}},"47":{"start":{"line":73,"column":12},"end":{"line":73,"column":57}},"48":{"start":{"line":75,"column":23},"end":{"line":75,"column":72}},"49":{"start":{"line":76,"column":27},"end":{"line":76,"column":75}},"50":{"start":{"line":77,"column":8},"end":{"line":77,"column":35}},"51":{"start":{"line":79,"column":24},"end":{"line":79,"column":68}},"52":{"start":{"line":80,"column":8},"end":{"line":81,"column":72}},"53":{"start":{"line":81,"column":12},"end":{"line":81,"column":72}},"54":{"start":{"line":83,"column":8},"end":{"line":83,"column":47}},"55":{"start":{"line":84,"column":8},"end":{"line":84,"column":32}},"56":{"start":{"line":86,"column":8},"end":{"line":86,"column":35}},"57":{"start":{"line":87,"column":8},"end":{"line":87,"column":29}},"58":{"start":{"line":89,"column":8},"end":{"line":89,"column":36}},"59":{"start":{"line":93,"column":0},"end":{"line":103,"column":2}},"60":{"start":{"line":94,"column":4},"end":{"line":102,"column":5}},"61":{"start":{"line":95,"column":23},"end":{"line":95,"column":72}},"62":{"start":{"line":96,"column":27},"end":{"line":96,"column":84}},"63":{"start":{"line":98,"column":8},"end":{"line":98,"column":35}},"64":{"start":{"line":99,"column":8},"end":{"line":99,"column":29}},"65":{"start":{"line":101,"column":8},"end":{"line":101,"column":36}},"66":{"start":{"line":105,"column":0},"end":{"line":112,"column":2}},"67":{"start":{"line":106,"column":4},"end":{"line":111,"column":5}},"68":{"start":{"line":107,"column":23},"end":{"line":107,"column":81}},"69":{"start":{"line":108,"column":8},"end":{"line":108,"column":25}},"70":{"start":{"line":110,"column":8},"end":{"line":110,"column":31}},"71":{"start":{"line":114,"column":0},"end":{"line":191,"column":2}},"72":{"start":{"line":115,"column":4},"end":{"line":190,"column":5}},"73":{"start":{"line":116,"column":23},"end":{"line":116,"column":72}},"74":{"start":{"line":117,"column":8},"end":{"line":118,"column":50}},"75":{"start":{"line":118,"column":12},"end":{"line":118,"column":50}},"76":{"start":{"line":120,"column":28},"end":{"line":120,"column":75}},"77":{"start":{"line":121,"column":8},"end":{"line":122,"column":50}},"78":{"start":{"line":122,"column":12},"end":{"line":122,"column":50}},"79":{"start":{"line":124,"column":22},"end":{"line":129,"column":10}},"80":{"start":{"line":131,"column":8},"end":{"line":131,"column":22}},"81":{"start":{"line":132,"column":8},"end":{"line":132,"column":22}},"82":{"start":{"line":133,"column":8},"end":{"line":156,"column":9}},"83":{"start":{"line":134,"column":30},"end":{"line":138,"column":14}},"84":{"start":{"line":140,"column":28},"end":{"line":140,"column":72}},"85":{"start":{"line":141,"column":12},"end":{"line":146,"column":15}},"86":{"start":{"line":148,"column":12},"end":{"line":148,"column":49}},"87":{"start":{"line":149,"column":12},"end":{"line":149,"column":48}},"88":{"start":{"line":150,"column":12},"end":{"line":150,"column":33}},"89":{"start":{"line":152,"column":29},"end":{"line":152,"column":68}},"90":{"start":{"line":153,"column":12},"end":{"line":153,"column":37}},"91":{"start":{"line":155,"column":12},"end":{"line":155,"column":35}},"92":{"start":{"line":158,"column":8},"end":{"line":158,"column":27}},"93":{"start":{"line":159,"column":8},"end":{"line":159,"column":30}},"94":{"start":{"line":160,"column":8},"end":{"line":162,"column":9}},"95":{"start":{"line":161,"column":12},"end":{"line":161,"column":38}},"96":{"start":{"line":165,"column":8},"end":{"line":178,"column":9}},"97":{"start":{"line":167,"column":16},"end":{"line":167,"column":83}},"98":{"start":{"line":167,"column":43},"end":{"line":167,"column":82}},"99":{"start":{"line":169,"column":12},"end":{"line":177,"column":14}},"100":{"start":{"line":181,"column":8},"end":{"line":185,"column":11}},"101":{"start":{"line":187,"column":8},"end":{"line":187,"column":24}},"102":{"start":{"line":189,"column":8},"end":{"line":189,"column":36}}},"fnMap":{"0":{"name":"(anonymous_0)","decl":{"start":{"line":10,"column":20},"end":{"line":10,"column":21}},"loc":{"start":{"line":10,"column":40},"end":{"line":26,"column":1}},"line":10},"1":{"name":"(anonymous_1)","decl":{"start":{"line":28,"column":24},"end":{"line":28,"column":25}},"loc":{"start":{"line":28,"column":44},"end":{"line":68,"column":1}},"line":28},"2":{"name":"(anonymous_2)","decl":{"start":{"line":70,"column":27},"end":{"line":70,"column":28}},"loc":{"start":{"line":70,"column":47},"end":{"line":91,"column":1}},"line":70},"3":{"name":"(anonymous_3)","decl":{"start":{"line":93,"column":27},"end":{"line":93,"column":28}},"loc":{"start":{"line":93,"column":47},"end":{"line":103,"column":1}},"line":93},"4":{"name":"(anonymous_4)","decl":{"start":{"line":105,"column":23},"end":{"line":105,"column":24}},"loc":{"start":{"line":105,"column":43},"end":{"line":112,"column":1}},"line":105},"5":{"name":"(anonymous_5)","decl":{"start":{"line":114,"column":24},"end":{"line":114,"column":25}},"loc":{"start":{"line":114,"column":44},"end":{"line":191,"column":1}},"line":114},"6":{"name":"(anonymous_6)","decl":{"start":{"line":167,"column":32},"end":{"line":167,"column":33}},"loc":{"start":{"line":167,"column":43},"end":{"line":167,"column":82}},"line":167}},"branchMap":{"0":{"loc":{"start":{"line":13,"column":8},"end":{"line":18,"column":9}},"type":"if","locations":[{"start":{"line":13,"column":8},"end":{"line":18,"column":9}},{"start":{"line":13,"column":8},"end":{"line":18,"column":9}}],"line":13},"1":{"loc":{"start":{"line":32,"column":8},"end":{"line":35,"column":9}},"type":"if","locations":[{"start":{"line":32,"column":8},"end":{"line":35,"column":9}},{"start":{"line":32,"column":8},"end":{"line":35,"column":9}}],"line":32},"2":{"loc":{"start":{"line":39,"column":8},"end":{"line":40,"column":71}},"type":"if","locations":[{"start":{"line":39,"column":8},"end":{"line":40,"column":71}},{"start":{"line":39,"column":8},"end":{"line":40,"column":71}}],"line":39},"3":{"loc":{"start":{"line":43,"column":8},"end":{"line":55,"column":9}},"type":"if","locations":[{"start":{"line":43,"column":8},"end":{"line":55,"column":9}},{"start":{"line":43,"column":8},"end":{"line":55,"column":9}}],"line":43},"4":{"loc":{"start":{"line":44,"column":40},"end":{"line":44,"column":62}},"type":"binary-expr","locations":[{"start":{"line":44,"column":40},"end":{"line":44,"column":57}},{"start":{"line":44,"column":61},"end":{"line":44,"column":62}}],"line":44},"5":{"loc":{"start":{"line":46,"column":12},"end":{"line":47,"column":92}},"type":"if","locations":[{"start":{"line":46,"column":12},"end":{"line":47,"column":92}},{"start":{"line":46,"column":12},"end":{"line":47,"column":92}}],"line":46},"6":{"loc":{"start":{"line":53,"column":39},"end":{"line":53,"column":61}},"type":"binary-expr","locations":[{"start":{"line":53,"column":39},"end":{"line":53,"column":56}},{"start":{"line":53,"column":60},"end":{"line":53,"column":61}}],"line":53},"7":{"loc":{"start":{"line":57,"column":8},"end":{"line":58,"column":88}},"type":"if","locations":[{"start":{"line":57,"column":8},"end":{"line":58,"column":88}},{"start":{"line":57,"column":8},"end":{"line":58,"column":88}}],"line":57},"8":{"loc":{"start":{"line":72,"column":8},"end":{"line":73,"column":57}},"type":"if","locations":[{"start":{"line":72,"column":8},"end":{"line":73,"column":57}},{"start":{"line":72,"column":8},"end":{"line":73,"column":57}}],"line":72},"9":{"loc":{"start":{"line":80,"column":8},"end":{"line":81,"column":72}},"type":"if","locations":[{"start":{"line":80,"column":8},"end":{"line":81,"column":72}},{"start":{"line":80,"column":8},"end":{"line":81,"column":72}}],"line":80},"10":{"loc":{"start":{"line":117,"column":8},"end":{"line":118,"column":50}},"type":"if","locations":[{"start":{"line":117,"column":8},"end":{"line":118,"column":50}},{"start":{"line":117,"column":8},"end":{"line":118,"column":50}}],"line":117},"11":{"loc":{"start":{"line":121,"column":8},"end":{"line":122,"column":50}},"type":"if","locations":[{"start":{"line":121,"column":8},"end":{"line":122,"column":50}},{"start":{"line":121,"column":8},"end":{"line":122,"column":50}}],"line":121},"12":{"loc":{"start":{"line":128,"column":28},"end":{"line":128,"column":79}},"type":"binary-expr","locations":[{"start":{"line":128,"column":28},"end":{"line":128,"column":51}},{"start":{"line":128,"column":55},"end":{"line":128,"column":79}}],"line":128}},"s":{"0":10,"1":10,"2":10,"3":10,"4":10,"5":10,"6":10,"7":10,"8":1,"9":1,"10":1,"11":0,"12":0,"13":0,"14":1,"15":1,"16":1,"17":0,"18":10,"19":2,"20":2,"21":2,"22":0,"23":0,"24":2,"25":2,"26":2,"27":0,"28":2,"29":2,"30":1,"31":1,"32":0,"33":1,"34":1,"35":1,"36":1,"37":1,"38":1,"39":0,"40":0,"41":0,"42":0,"43":1,"44":10,"45":2,"46":2,"47":0,"48":2,"49":2,"50":2,"51":2,"52":2,"53":1,"54":1,"55":1,"56":1,"57":1,"58":1,"59":10,"60":1,"61":1,"62":1,"63":1,"64":1,"65":0,"66":10,"67":1,"68":1,"69":1,"70":0,"71":10,"72":1,"73":1,"74":1,"75":0,"76":1,"77":1,"78":0,"79":1,"80":1,"81":1,"82":1,"83":3,"84":3,"85":3,"86":3,"87":3,"88":3,"89":3,"90":3,"91":3,"92":1,"93":1,"94":1,"95":3,"96":1,"97":3,"98":9,"99":3,"100":1,"101":1,"102":0},"f":{"0":1,"1":2,"2":2,"3":1,"4":1,"5":1,"6":9},"b":{"0":[0,1],"1":[0,2],"2":[0,2],"3":[1,1],"4":[1,0],"5":[0,1],"6":[1,0],"7":[1,0],"8":[0,2],"9":[1,1],"10":[0,1],"11":[0,1],"12":[1,0]},"_coverageSchema":"1a1c01bbd47fc00a2c39e90264f33305004495a9","hash":"5d647456b78762cbcd66413c76ac75dd8d6d80fe"}
,"C:\\Users\\user\\Documents\\organicus-server\\controllers\\category.js": {"path":"C:\\Users\\user\\Documents\\organicus-server\\controllers\\category.js","statementMap":{"0":{"start":{"line":1,"column":17},"end":{"line":1,"column":46}},"1":{"start":{"line":2,"column":23},"end":{"line":2,"column":59}},"2":{"start":{"line":4,"column":0},"end":{"line":14,"column":1}},"3":{"start":{"line":5,"column":4},"end":{"line":13,"column":6}},"4":{"start":{"line":6,"column":8},"end":{"line":10,"column":9}},"5":{"start":{"line":7,"column":12},"end":{"line":9,"column":15}},"6":{"start":{"line":11,"column":8},"end":{"line":11,"column":31}},"7":{"start":{"line":12,"column":8},"end":{"line":12,"column":14}},"8":{"start":{"line":16,"column":0},"end":{"line":18,"column":1}},"9":{"start":{"line":17,"column":4},"end":{"line":17,"column":33}},"10":{"start":{"line":20,"column":0},"end":{"line":32,"column":1}},"11":{"start":{"line":21,"column":21},"end":{"line":21,"column":33}},"12":{"start":{"line":22,"column":4},"end":{"line":22,"column":33}},"13":{"start":{"line":23,"column":4},"end":{"line":31,"column":5}},"14":{"start":{"line":24,"column":8},"end":{"line":28,"column":9}},"15":{"start":{"line":25,"column":12},"end":{"line":27,"column":15}},"16":{"start":{"line":29,"column":8},"end":{"line":29,"column":27}},"17":{"start":{"line":34,"column":0},"end":{"line":47,"column":1}},"18":{"start":{"line":35,"column":21},"end":{"line":35,"column":33}},"19":{"start":{"line":36,"column":4},"end":{"line":46,"column":5}},"20":{"start":{"line":37,"column":8},"end":{"line":41,"column":9}},"21":{"start":{"line":38,"column":12},"end":{"line":40,"column":15}},"22":{"start":{"line":42,"column":8},"end":{"line":44,"column":11}},"23":{"start":{"line":49,"column":0},"end":{"line":59,"column":1}},"24":{"start":{"line":50,"column":4},"end":{"line":58,"column":5}},"25":{"start":{"line":51,"column":8},"end":{"line":55,"column":9}},"26":{"start":{"line":52,"column":12},"end":{"line":54,"column":15}},"27":{"start":{"line":56,"column":8},"end":{"line":56,"column":27}},"28":{"start":{"line":61,"column":0},"end":{"line":72,"column":1}},"29":{"start":{"line":62,"column":21},"end":{"line":62,"column":43}},"30":{"start":{"line":63,"column":4},"end":{"line":71,"column":5}},"31":{"start":{"line":64,"column":8},"end":{"line":68,"column":9}},"32":{"start":{"line":65,"column":12},"end":{"line":67,"column":15}},"33":{"start":{"line":69,"column":8},"end":{"line":69,"column":27}}},"fnMap":{"0":{"name":"(anonymous_0)","decl":{"start":{"line":4,"column":23},"end":{"line":4,"column":24}},"loc":{"start":{"line":4,"column":42},"end":{"line":14,"column":1}},"line":4},"1":{"name":"(anonymous_1)","decl":{"start":{"line":5,"column":31},"end":{"line":5,"column":32}},"loc":{"start":{"line":5,"column":49},"end":{"line":13,"column":5}},"line":5},"2":{"name":"(anonymous_2)","decl":{"start":{"line":16,"column":14},"end":{"line":16,"column":15}},"loc":{"start":{"line":16,"column":25},"end":{"line":18,"column":1}},"line":16},"3":{"name":"(anonymous_3)","decl":{"start":{"line":20,"column":17},"end":{"line":20,"column":18}},"loc":{"start":{"line":20,"column":30},"end":{"line":32,"column":1}},"line":20},"4":{"name":"(anonymous_4)","decl":{"start":{"line":23,"column":18},"end":{"line":23,"column":19}},"loc":{"start":{"line":23,"column":33},"end":{"line":30,"column":5}},"line":23},"5":{"name":"(anonymous_5)","decl":{"start":{"line":34,"column":17},"end":{"line":34,"column":18}},"loc":{"start":{"line":34,"column":30},"end":{"line":47,"column":1}},"line":34},"6":{"name":"(anonymous_6)","decl":{"start":{"line":36,"column":20},"end":{"line":36,"column":21}},"loc":{"start":{"line":36,"column":35},"end":{"line":45,"column":5}},"line":36},"7":{"name":"(anonymous_7)","decl":{"start":{"line":49,"column":15},"end":{"line":49,"column":16}},"loc":{"start":{"line":49,"column":28},"end":{"line":59,"column":1}},"line":49},"8":{"name":"(anonymous_8)","decl":{"start":{"line":50,"column":25},"end":{"line":50,"column":26}},"loc":{"start":{"line":50,"column":40},"end":{"line":57,"column":5}},"line":50},"9":{"name":"(anonymous_9)","decl":{"start":{"line":61,"column":17},"end":{"line":61,"column":18}},"loc":{"start":{"line":61,"column":30},"end":{"line":72,"column":1}},"line":61},"10":{"name":"(anonymous_10)","decl":{"start":{"line":63,"column":18},"end":{"line":63,"column":19}},"loc":{"start":{"line":63,"column":33},"end":{"line":70,"column":5}},"line":63}},"branchMap":{"0":{"loc":{"start":{"line":6,"column":8},"end":{"line":10,"column":9}},"type":"if","locations":[{"start":{"line":6,"column":8},"end":{"line":10,"column":9}},{"start":{"line":6,"column":8},"end":{"line":10,"column":9}}],"line":6},"1":{"loc":{"start":{"line":6,"column":11},"end":{"line":6,"column":27}},"type":"binary-expr","locations":[{"start":{"line":6,"column":11},"end":{"line":6,"column":14}},{"start":{"line":6,"column":18},"end":{"line":6,"column":27}}],"line":6},"2":{"loc":{"start":{"line":24,"column":8},"end":{"line":28,"column":9}},"type":"if","locations":[{"start":{"line":24,"column":8},"end":{"line":28,"column":9}},{"start":{"line":24,"column":8},"end":{"line":28,"column":9}}],"line":24},"3":{"loc":{"start":{"line":37,"column":8},"end":{"line":41,"column":9}},"type":"if","locations":[{"start":{"line":37,"column":8},"end":{"line":41,"column":9}},{"start":{"line":37,"column":8},"end":{"line":41,"column":9}}],"line":37},"4":{"loc":{"start":{"line":51,"column":8},"end":{"line":55,"column":9}},"type":"if","locations":[{"start":{"line":51,"column":8},"end":{"line":55,"column":9}},{"start":{"line":51,"column":8},"end":{"line":55,"column":9}}],"line":51},"5":{"loc":{"start":{"line":64,"column":8},"end":{"line":68,"column":9}},"type":"if","locations":[{"start":{"line":64,"column":8},"end":{"line":68,"column":9}},{"start":{"line":64,"column":8},"end":{"line":68,"column":9}}],"line":64}},"s":{"0":10,"1":10,"2":10,"3":2,"4":2,"5":0,"6":2,"7":2,"8":10,"9":1,"10":10,"11":0,"12":0,"13":0,"14":0,"15":0,"16":0,"17":10,"18":0,"19":0,"20":0,"21":0,"22":0,"23":10,"24":1,"25":1,"26":0,"27":1,"28":10,"29":0,"30":0,"31":0,"32":0,"33":0},"f":{"0":2,"1":2,"2":1,"3":0,"4":0,"5":0,"6":0,"7":1,"8":1,"9":0,"10":0},"b":{"0":[0,2],"1":[2,2],"2":[0,0],"3":[0,0],"4":[0,1],"5":[0,0]},"_coverageSchema":"1a1c01bbd47fc00a2c39e90264f33305004495a9","hash":"98cef0e7ff305ffff84479bba069a987ed4cbe84"}
,"C:\\Users\\user\\Documents\\organicus-server\\controllers\\comment.js": {"path":"C:\\Users\\user\\Documents\\organicus-server\\controllers\\comment.js","statementMap":{"0":{"start":{"line":1,"column":16},"end":{"line":1,"column":44}},"1":{"start":{"line":2,"column":23},"end":{"line":2,"column":59}},"2":{"start":{"line":5,"column":0},"end":{"line":18,"column":1}},"3":{"start":{"line":6,"column":4},"end":{"line":6,"column":25}},"4":{"start":{"line":7,"column":20},"end":{"line":7,"column":41}},"5":{"start":{"line":8,"column":4},"end":{"line":17,"column":5}},"6":{"start":{"line":9,"column":8},"end":{"line":14,"column":9}},"7":{"start":{"line":10,"column":12},"end":{"line":10,"column":28}},"8":{"start":{"line":11,"column":12},"end":{"line":13,"column":15}},"9":{"start":{"line":15,"column":8},"end":{"line":15,"column":27}},"10":{"start":{"line":20,"column":0},"end":{"line":33,"column":1}},"11":{"start":{"line":21,"column":18},"end":{"line":21,"column":29}},"12":{"start":{"line":22,"column":4},"end":{"line":32,"column":6}},"13":{"start":{"line":23,"column":8},"end":{"line":27,"column":9}},"14":{"start":{"line":24,"column":12},"end":{"line":26,"column":14}},"15":{"start":{"line":29,"column":8},"end":{"line":31,"column":10}},"16":{"start":{"line":36,"column":0},"end":{"line":47,"column":1}},"17":{"start":{"line":37,"column":4},"end":{"line":46,"column":6}},"18":{"start":{"line":40,"column":8},"end":{"line":44,"column":9}},"19":{"start":{"line":41,"column":12},"end":{"line":43,"column":14}},"20":{"start":{"line":45,"column":8},"end":{"line":45,"column":26}},"21":{"start":{"line":49,"column":0},"end":{"line":59,"column":1}},"22":{"start":{"line":50,"column":4},"end":{"line":58,"column":6}},"23":{"start":{"line":51,"column":8},"end":{"line":55,"column":9}},"24":{"start":{"line":52,"column":12},"end":{"line":54,"column":14}},"25":{"start":{"line":56,"column":8},"end":{"line":56,"column":29}},"26":{"start":{"line":57,"column":8},"end":{"line":57,"column":14}}},"fnMap":{"0":{"name":"(anonymous_0)","decl":{"start":{"line":5,"column":17},"end":{"line":5,"column":18}},"loc":{"start":{"line":5,"column":30},"end":{"line":18,"column":1}},"line":5},"1":{"name":"(anonymous_1)","decl":{"start":{"line":8,"column":17},"end":{"line":8,"column":18}},"loc":{"start":{"line":8,"column":32},"end":{"line":16,"column":5}},"line":8},"2":{"name":"(anonymous_2)","decl":{"start":{"line":20,"column":17},"end":{"line":20,"column":18}},"loc":{"start":{"line":20,"column":30},"end":{"line":33,"column":1}},"line":20},"3":{"name":"(anonymous_3)","decl":{"start":{"line":22,"column":19},"end":{"line":22,"column":20}},"loc":{"start":{"line":22,"column":43},"end":{"line":32,"column":5}},"line":22},"4":{"name":"(anonymous_4)","decl":{"start":{"line":36,"column":15},"end":{"line":36,"column":16}},"loc":{"start":{"line":36,"column":28},"end":{"line":47,"column":1}},"line":36},"5":{"name":"(anonymous_5)","decl":{"start":{"line":39,"column":10},"end":{"line":39,"column":11}},"loc":{"start":{"line":39,"column":28},"end":{"line":46,"column":5}},"line":39},"6":{"name":"(anonymous_6)","decl":{"start":{"line":49,"column":22},"end":{"line":49,"column":23}},"loc":{"start":{"line":49,"column":41},"end":{"line":59,"column":1}},"line":49},"7":{"name":"(anonymous_7)","decl":{"start":{"line":50,"column":30},"end":{"line":50,"column":31}},"loc":{"start":{"line":50,"column":46},"end":{"line":58,"column":5}},"line":50}},"branchMap":{"0":{"loc":{"start":{"line":9,"column":8},"end":{"line":14,"column":9}},"type":"if","locations":[{"start":{"line":9,"column":8},"end":{"line":14,"column":9}},{"start":{"line":9,"column":8},"end":{"line":14,"column":9}}],"line":9},"1":{"loc":{"start":{"line":23,"column":8},"end":{"line":27,"column":9}},"type":"if","locations":[{"start":{"line":23,"column":8},"end":{"line":27,"column":9}},{"start":{"line":23,"column":8},"end":{"line":27,"column":9}}],"line":23},"2":{"loc":{"start":{"line":40,"column":8},"end":{"line":44,"column":9}},"type":"if","locations":[{"start":{"line":40,"column":8},"end":{"line":44,"column":9}},{"start":{"line":40,"column":8},"end":{"line":44,"column":9}}],"line":40},"3":{"loc":{"start":{"line":51,"column":8},"end":{"line":55,"column":9}},"type":"if","locations":[{"start":{"line":51,"column":8},"end":{"line":55,"column":9}},{"start":{"line":51,"column":8},"end":{"line":55,"column":9}}],"line":51},"4":{"loc":{"start":{"line":51,"column":11},"end":{"line":51,"column":26}},"type":"binary-expr","locations":[{"start":{"line":51,"column":11},"end":{"line":51,"column":14}},{"start":{"line":51,"column":18},"end":{"line":51,"column":26}}],"line":51}},"s":{"0":10,"1":10,"2":10,"3":1,"4":1,"5":1,"6":1,"7":0,"8":0,"9":1,"10":10,"11":1,"12":1,"13":1,"14":0,"15":1,"16":10,"17":1,"18":1,"19":0,"20":1,"21":10,"22":1,"23":1,"24":0,"25":1,"26":1},"f":{"0":1,"1":1,"2":1,"3":1,"4":1,"5":1,"6":1,"7":1},"b":{"0":[0,1],"1":[0,1],"2":[0,1],"3":[0,1],"4":[1,1]},"_coverageSchema":"1a1c01bbd47fc00a2c39e90264f33305004495a9","hash":"438278006b0821fad0a8500bf31cc0646310f16b"}
,"C:\\Users\\user\\Documents\\organicus-server\\controllers\\complaint.js": {"path":"C:\\Users\\user\\Documents\\organicus-server\\controllers\\complaint.js","statementMap":{"0":{"start":{"line":1,"column":18},"end":{"line":1,"column":48}},"1":{"start":{"line":2,"column":23},"end":{"line":2,"column":59}},"2":{"start":{"line":4,"column":0},"end":{"line":17,"column":1}},"3":{"start":{"line":6,"column":22},"end":{"line":6,"column":45}},"4":{"start":{"line":7,"column":4},"end":{"line":16,"column":5}},"5":{"start":{"line":8,"column":8},"end":{"line":13,"column":9}},"6":{"start":{"line":9,"column":12},"end":{"line":9,"column":28}},"7":{"start":{"line":10,"column":12},"end":{"line":12,"column":15}},"8":{"start":{"line":14,"column":8},"end":{"line":14,"column":27}}},"fnMap":{"0":{"name":"(anonymous_0)","decl":{"start":{"line":4,"column":18},"end":{"line":4,"column":19}},"loc":{"start":{"line":4,"column":31},"end":{"line":17,"column":1}},"line":4},"1":{"name":"(anonymous_1)","decl":{"start":{"line":7,"column":19},"end":{"line":7,"column":20}},"loc":{"start":{"line":7,"column":34},"end":{"line":15,"column":5}},"line":7}},"branchMap":{"0":{"loc":{"start":{"line":8,"column":8},"end":{"line":13,"column":9}},"type":"if","locations":[{"start":{"line":8,"column":8},"end":{"line":13,"column":9}},{"start":{"line":8,"column":8},"end":{"line":13,"column":9}}],"line":8}},"s":{"0":10,"1":10,"2":10,"3":1,"4":1,"5":1,"6":0,"7":0,"8":1},"f":{"0":1,"1":1},"b":{"0":[0,1]},"_coverageSchema":"1a1c01bbd47fc00a2c39e90264f33305004495a9","hash":"dd1bb4ce8a2a67ea6592727e3784e7498011cf8d"}
,"C:\\Users\\user\\Documents\\organicus-server\\controllers\\favorite.js": {"path":"C:\\Users\\user\\Documents\\organicus-server\\controllers\\favorite.js","statementMap":{"0":{"start":{"line":1,"column":17},"end":{"line":1,"column":46}},"1":{"start":{"line":2,"column":23},"end":{"line":2,"column":59}},"2":{"start":{"line":4,"column":0},"end":{"line":14,"column":1}},"3":{"start":{"line":5,"column":4},"end":{"line":13,"column":6}},"4":{"start":{"line":6,"column":8},"end":{"line":10,"column":9}},"5":{"start":{"line":7,"column":12},"end":{"line":9,"column":14}},"6":{"start":{"line":11,"column":8},"end":{"line":11,"column":31}},"7":{"start":{"line":12,"column":8},"end":{"line":12,"column":14}},"8":{"start":{"line":17,"column":0},"end":{"line":36,"column":1}},"9":{"start":{"line":18,"column":21},"end":{"line":18,"column":91}},"10":{"start":{"line":19,"column":17},"end":{"line":20,"column":73}},"11":{"start":{"line":21,"column":4},"end":{"line":34,"column":8}},"12":{"start":{"line":22,"column":8},"end":{"line":30,"column":9}},"13":{"start":{"line":23,"column":12},"end":{"line":27,"column":13}},"14":{"start":{"line":24,"column":16},"end":{"line":26,"column":19}},"15":{"start":{"line":28,"column":12},"end":{"line":28,"column":31}},"16":{"start":{"line":33,"column":8},"end":{"line":33,"column":67}},"17":{"start":{"line":39,"column":0},"end":{"line":58,"column":1}},"18":{"start":{"line":41,"column":16},"end":{"line":41,"column":57}},"19":{"start":{"line":42,"column":17},"end":{"line":42,"column":60}},"20":{"start":{"line":43,"column":16},"end":{"line":43,"column":63}},"21":{"start":{"line":45,"column":4},"end":{"line":57,"column":6}},"22":{"start":{"line":50,"column":8},"end":{"line":54,"column":9}},"23":{"start":{"line":51,"column":12},"end":{"line":53,"column":14}},"24":{"start":{"line":56,"column":8},"end":{"line":56,"column":26}},"25":{"start":{"line":61,"column":0},"end":{"line":74,"column":1}},"26":{"start":{"line":62,"column":19},"end":{"line":62,"column":31}},"27":{"start":{"line":63,"column":4},"end":{"line":73,"column":6}},"28":{"start":{"line":64,"column":8},"end":{"line":68,"column":9}},"29":{"start":{"line":65,"column":12},"end":{"line":67,"column":14}},"30":{"start":{"line":70,"column":8},"end":{"line":72,"column":10}}},"fnMap":{"0":{"name":"(anonymous_0)","decl":{"start":{"line":4,"column":23},"end":{"line":4,"column":24}},"loc":{"start":{"line":4,"column":42},"end":{"line":14,"column":1}},"line":4},"1":{"name":"(anonymous_1)","decl":{"start":{"line":5,"column":31},"end":{"line":5,"column":32}},"loc":{"start":{"line":5,"column":48},"end":{"line":13,"column":5}},"line":5},"2":{"name":"(anonymous_2)","decl":{"start":{"line":17,"column":14},"end":{"line":17,"column":15}},"loc":{"start":{"line":17,"column":33},"end":{"line":36,"column":1}},"line":17},"3":{"name":"(anonymous_3)","decl":{"start":{"line":22,"column":22},"end":{"line":22,"column":23}},"loc":{"start":{"line":22,"column":37},"end":{"line":29,"column":9}},"line":22},"4":{"name":"(anonymous_4)","decl":{"start":{"line":39,"column":15},"end":{"line":39,"column":16}},"loc":{"start":{"line":39,"column":28},"end":{"line":58,"column":1}},"line":39},"5":{"name":"(anonymous_5)","decl":{"start":{"line":49,"column":10},"end":{"line":49,"column":11}},"loc":{"start":{"line":49,"column":28},"end":{"line":57,"column":5}},"line":49},"6":{"name":"(anonymous_6)","decl":{"start":{"line":61,"column":17},"end":{"line":61,"column":18}},"loc":{"start":{"line":61,"column":30},"end":{"line":74,"column":1}},"line":61},"7":{"name":"(anonymous_7)","decl":{"start":{"line":63,"column":20},"end":{"line":63,"column":21}},"loc":{"start":{"line":63,"column":44},"end":{"line":73,"column":5}},"line":63}},"branchMap":{"0":{"loc":{"start":{"line":6,"column":8},"end":{"line":10,"column":9}},"type":"if","locations":[{"start":{"line":6,"column":8},"end":{"line":10,"column":9}},{"start":{"line":6,"column":8},"end":{"line":10,"column":9}}],"line":6},"1":{"loc":{"start":{"line":6,"column":11},"end":{"line":6,"column":27}},"type":"binary-expr","locations":[{"start":{"line":6,"column":11},"end":{"line":6,"column":14}},{"start":{"line":6,"column":18},"end":{"line":6,"column":27}}],"line":6},"2":{"loc":{"start":{"line":21,"column":4},"end":{"line":34,"column":8}},"type":"if","locations":[{"start":{"line":21,"column":4},"end":{"line":34,"column":8}},{"start":{"line":21,"column":4},"end":{"line":34,"column":8}}],"line":21},"3":{"loc":{"start":{"line":23,"column":12},"end":{"line":27,"column":13}},"type":"if","locations":[{"start":{"line":23,"column":12},"end":{"line":27,"column":13}},{"start":{"line":23,"column":12},"end":{"line":27,"column":13}}],"line":23},"4":{"loc":{"start":{"line":41,"column":16},"end":{"line":41,"column":57}},"type":"cond-expr","locations":[{"start":{"line":41,"column":34},"end":{"line":41,"column":49}},{"start":{"line":41,"column":52},"end":{"line":41,"column":57}}],"line":41},"5":{"loc":{"start":{"line":42,"column":17},"end":{"line":42,"column":60}},"type":"cond-expr","locations":[{"start":{"line":42,"column":36},"end":{"line":42,"column":52}},{"start":{"line":42,"column":55},"end":{"line":42,"column":60}}],"line":42},"6":{"loc":{"start":{"line":43,"column":16},"end":{"line":43,"column":63}},"type":"cond-expr","locations":[{"start":{"line":43,"column":34},"end":{"line":43,"column":59}},{"start":{"line":43,"column":62},"end":{"line":43,"column":63}}],"line":43},"7":{"loc":{"start":{"line":50,"column":8},"end":{"line":54,"column":9}},"type":"if","locations":[{"start":{"line":50,"column":8},"end":{"line":54,"column":9}},{"start":{"line":50,"column":8},"end":{"line":54,"column":9}}],"line":50},"8":{"loc":{"start":{"line":64,"column":8},"end":{"line":68,"column":9}},"type":"if","locations":[{"start":{"line":64,"column":8},"end":{"line":68,"column":9}},{"start":{"line":64,"column":8},"end":{"line":68,"column":9}}],"line":64}},"s":{"0":10,"1":10,"2":10,"3":1,"4":1,"5":0,"6":1,"7":1,"8":10,"9":1,"10":1,"11":1,"12":1,"13":1,"14":0,"15":1,"16":0,"17":10,"18":1,"19":1,"20":1,"21":1,"22":1,"23":0,"24":1,"25":10,"26":1,"27":1,"28":1,"29":0,"30":1},"f":{"0":1,"1":1,"2":1,"3":1,"4":1,"5":1,"6":1,"7":1},"b":{"0":[0,1],"1":[1,1],"2":[1,0],"3":[0,1],"4":[0,1],"5":[0,1],"6":[0,1],"7":[0,1],"8":[0,1]},"_coverageSchema":"1a1c01bbd47fc00a2c39e90264f33305004495a9","hash":"11aac90b3338117372ffa046ba14d06b34141818"}
,"C:\\Users\\user\\Documents\\organicus-server\\controllers\\message.js": {"path":"C:\\Users\\user\\Documents\\organicus-server\\controllers\\message.js","statementMap":{"0":{"start":{"line":1,"column":16},"end":{"line":1,"column":44}},"1":{"start":{"line":2,"column":23},"end":{"line":2,"column":59}},"2":{"start":{"line":5,"column":0},"end":{"line":18,"column":1}},"3":{"start":{"line":6,"column":4},"end":{"line":6,"column":25}},"4":{"start":{"line":7,"column":20},"end":{"line":7,"column":41}},"5":{"start":{"line":8,"column":4},"end":{"line":17,"column":5}},"6":{"start":{"line":9,"column":8},"end":{"line":14,"column":9}},"7":{"start":{"line":10,"column":12},"end":{"line":10,"column":28}},"8":{"start":{"line":11,"column":12},"end":{"line":13,"column":15}},"9":{"start":{"line":15,"column":8},"end":{"line":15,"column":27}},"10":{"start":{"line":20,"column":0},"end":{"line":31,"column":1}},"11":{"start":{"line":21,"column":4},"end":{"line":30,"column":6}},"12":{"start":{"line":24,"column":8},"end":{"line":28,"column":9}},"13":{"start":{"line":25,"column":12},"end":{"line":27,"column":14}},"14":{"start":{"line":29,"column":8},"end":{"line":29,"column":26}}},"fnMap":{"0":{"name":"(anonymous_0)","decl":{"start":{"line":5,"column":17},"end":{"line":5,"column":18}},"loc":{"start":{"line":5,"column":30},"end":{"line":18,"column":1}},"line":5},"1":{"name":"(anonymous_1)","decl":{"start":{"line":8,"column":17},"end":{"line":8,"column":18}},"loc":{"start":{"line":8,"column":32},"end":{"line":16,"column":5}},"line":8},"2":{"name":"(anonymous_2)","decl":{"start":{"line":20,"column":15},"end":{"line":20,"column":16}},"loc":{"start":{"line":20,"column":28},"end":{"line":31,"column":1}},"line":20},"3":{"name":"(anonymous_3)","decl":{"start":{"line":23,"column":10},"end":{"line":23,"column":11}},"loc":{"start":{"line":23,"column":28},"end":{"line":30,"column":5}},"line":23}},"branchMap":{"0":{"loc":{"start":{"line":9,"column":8},"end":{"line":14,"column":9}},"type":"if","locations":[{"start":{"line":9,"column":8},"end":{"line":14,"column":9}},{"start":{"line":9,"column":8},"end":{"line":14,"column":9}}],"line":9},"1":{"loc":{"start":{"line":24,"column":8},"end":{"line":28,"column":9}},"type":"if","locations":[{"start":{"line":24,"column":8},"end":{"line":28,"column":9}},{"start":{"line":24,"column":8},"end":{"line":28,"column":9}}],"line":24}},"s":{"0":10,"1":10,"2":10,"3":2,"4":2,"5":2,"6":2,"7":0,"8":0,"9":2,"10":10,"11":0,"12":0,"13":0,"14":0},"f":{"0":2,"1":2,"2":0,"3":0},"b":{"0":[0,2],"1":[0,0]},"_coverageSchema":"1a1c01bbd47fc00a2c39e90264f33305004495a9","hash":"8f14bb62a06d0d1147e4806e8c72ed183fe23680"}
,"C:\\Users\\user\\Documents\\organicus-server\\controllers\\order.js": {"path":"C:\\Users\\user\\Documents\\organicus-server\\controllers\\order.js","statementMap":{"0":{"start":{"line":1,"column":14},"end":{"line":1,"column":40}},"1":{"start":{"line":2,"column":18},"end":{"line":2,"column":48}},"2":{"start":{"line":3,"column":16},"end":{"line":3,"column":44}},"3":{"start":{"line":4,"column":13},"end":{"line":4,"column":38}},"4":{"start":{"line":5,"column":15},"end":{"line":5,"column":32}},"5":{"start":{"line":7,"column":0},"end":{"line":19,"column":2}},"6":{"start":{"line":8,"column":4},"end":{"line":18,"column":5}},"7":{"start":{"line":9,"column":22},"end":{"line":9,"column":60}},"8":{"start":{"line":10,"column":8},"end":{"line":11,"column":50}},"9":{"start":{"line":11,"column":12},"end":{"line":11,"column":50}},"10":{"start":{"line":13,"column":27},"end":{"line":13,"column":71}},"11":{"start":{"line":15,"column":8},"end":{"line":15,"column":40}},"12":{"start":{"line":17,"column":8},"end":{"line":17,"column":55}},"13":{"start":{"line":21,"column":0},"end":{"line":36,"column":1}},"14":{"start":{"line":22,"column":4},"end":{"line":35,"column":5}},"15":{"start":{"line":23,"column":21},"end":{"line":23,"column":29}},"16":{"start":{"line":24,"column":26},"end":{"line":24,"column":68}},"17":{"start":{"line":25,"column":24},"end":{"line":25,"column":67}},"18":{"start":{"line":26,"column":8},"end":{"line":26,"column":57}},"19":{"start":{"line":28,"column":8},"end":{"line":28,"column":62}},"20":{"start":{"line":29,"column":8},"end":{"line":29,"column":71}},"21":{"start":{"line":31,"column":8},"end":{"line":31,"column":31}},"22":{"start":{"line":32,"column":8},"end":{"line":32,"column":28}},"23":{"start":{"line":34,"column":8},"end":{"line":34,"column":55}},"24":{"start":{"line":38,"column":0},"end":{"line":69,"column":1}},"25":{"start":{"line":39,"column":4},"end":{"line":68,"column":5}},"26":{"start":{"line":40,"column":23},"end":{"line":40,"column":68}},"27":{"start":{"line":41,"column":35},"end":{"line":41,"column":37}},"28":{"start":{"line":42,"column":8},"end":{"line":63,"column":9}},"29":{"start":{"line":43,"column":31},"end":{"line":43,"column":75}},"30":{"start":{"line":45,"column":26},"end":{"line":45,"column":37}},"31":{"start":{"line":46,"column":36},"end":{"line":46,"column":57}},"32":{"start":{"line":47,"column":35},"end":{"line":47,"column":55}},"33":{"start":{"line":49,"column":29},"end":{"line":49,"column":30}},"34":{"start":{"line":50,"column":12},"end":{"line":53,"column":13}},"35":{"start":{"line":51,"column":32},"end":{"line":51,"column":75}},"36":{"start":{"line":52,"column":16},"end":{"line":52,"column":108}},"37":{"start":{"line":55,"column":12},"end":{"line":62,"column":15}},"38":{"start":{"line":65,"column":8},"end":{"line":65,"column":37}},"39":{"start":{"line":67,"column":8},"end":{"line":67,"column":55}},"40":{"start":{"line":71,"column":0},"end":{"line":115,"column":1}},"41":{"start":{"line":72,"column":4},"end":{"line":114,"column":5}},"42":{"start":{"line":73,"column":38},"end":{"line":73,"column":89}},"43":{"start":{"line":75,"column":27},"end":{"line":75,"column":29}},"44":{"start":{"line":76,"column":8},"end":{"line":79,"column":9}},"45":{"start":{"line":77,"column":44},"end":{"line":77,"column":92}},"46":{"start":{"line":78,"column":12},"end":{"line":78,"column":56}},"47":{"start":{"line":81,"column":23},"end":{"line":81,"column":25}},"48":{"start":{"line":82,"column":8},"end":{"line":109,"column":9}},"49":{"start":{"line":83,"column":26},"end":{"line":83,"column":65}},"50":{"start":{"line":84,"column":29},"end":{"line":84,"column":62}},"51":{"start":{"line":85,"column":28},"end":{"line":85,"column":71}},"52":{"start":{"line":87,"column":26},"end":{"line":87,"column":103}},"53":{"start":{"line":89,"column":12},"end":{"line":108,"column":15}},"54":{"start":{"line":111,"column":8},"end":{"line":111,"column":25}},"55":{"start":{"line":113,"column":8},"end":{"line":113,"column":55}},"56":{"start":{"line":117,"column":0},"end":{"line":143,"column":1}},"57":{"start":{"line":118,"column":4},"end":{"line":142,"column":5}},"58":{"start":{"line":119,"column":38},"end":{"line":119,"column":89}},"59":{"start":{"line":121,"column":27},"end":{"line":121,"column":29}},"60":{"start":{"line":122,"column":8},"end":{"line":125,"column":9}},"61":{"start":{"line":123,"column":44},"end":{"line":123,"column":92}},"62":{"start":{"line":124,"column":12},"end":{"line":124,"column":56}},"63":{"start":{"line":127,"column":23},"end":{"line":127,"column":25}},"64":{"start":{"line":128,"column":20},"end":{"line":128,"column":21}},"65":{"start":{"line":129,"column":8},"end":{"line":134,"column":9}},"66":{"start":{"line":130,"column":28},"end":{"line":130,"column":71}},"67":{"start":{"line":132,"column":12},"end":{"line":132,"column":110}},"68":{"start":{"line":135,"column":8},"end":{"line":137,"column":11}},"69":{"start":{"line":139,"column":8},"end":{"line":139,"column":25}},"70":{"start":{"line":141,"column":8},"end":{"line":141,"column":55}},"71":{"start":{"line":145,"column":0},"end":{"line":167,"column":1}},"72":{"start":{"line":146,"column":4},"end":{"line":166,"column":5}},"73":{"start":{"line":147,"column":38},"end":{"line":147,"column":89}},"74":{"start":{"line":149,"column":27},"end":{"line":149,"column":29}},"75":{"start":{"line":150,"column":8},"end":{"line":153,"column":9}},"76":{"start":{"line":151,"column":44},"end":{"line":151,"column":92}},"77":{"start":{"line":152,"column":12},"end":{"line":152,"column":56}},"78":{"start":{"line":155,"column":23},"end":{"line":155,"column":25}},"79":{"start":{"line":156,"column":23},"end":{"line":156,"column":24}},"80":{"start":{"line":157,"column":8},"end":{"line":159,"column":9}},"81":{"start":{"line":158,"column":12},"end":{"line":158,"column":52}},"82":{"start":{"line":160,"column":8},"end":{"line":162,"column":11}},"83":{"start":{"line":163,"column":8},"end":{"line":163,"column":25}},"84":{"start":{"line":165,"column":8},"end":{"line":165,"column":55}}},"fnMap":{"0":{"name":"(anonymous_0)","decl":{"start":{"line":7,"column":19},"end":{"line":7,"column":20}},"loc":{"start":{"line":7,"column":39},"end":{"line":19,"column":1}},"line":7},"1":{"name":"(anonymous_1)","decl":{"start":{"line":21,"column":26},"end":{"line":21,"column":27}},"loc":{"start":{"line":21,"column":46},"end":{"line":36,"column":1}},"line":21},"2":{"name":"(anonymous_2)","decl":{"start":{"line":38,"column":21},"end":{"line":38,"column":22}},"loc":{"start":{"line":38,"column":41},"end":{"line":69,"column":1}},"line":38},"3":{"name":"(anonymous_3)","decl":{"start":{"line":71,"column":29},"end":{"line":71,"column":30}},"loc":{"start":{"line":71,"column":49},"end":{"line":115,"column":1}},"line":71},"4":{"name":"(anonymous_4)","decl":{"start":{"line":117,"column":22},"end":{"line":117,"column":23}},"loc":{"start":{"line":117,"column":42},"end":{"line":143,"column":1}},"line":117},"5":{"name":"(anonymous_5)","decl":{"start":{"line":145,"column":24},"end":{"line":145,"column":25}},"loc":{"start":{"line":145,"column":44},"end":{"line":167,"column":1}},"line":145}},"branchMap":{"0":{"loc":{"start":{"line":10,"column":8},"end":{"line":11,"column":50}},"type":"if","locations":[{"start":{"line":10,"column":8},"end":{"line":11,"column":50}},{"start":{"line":10,"column":8},"end":{"line":11,"column":50}}],"line":10},"1":{"loc":{"start":{"line":28,"column":28},"end":{"line":28,"column":61}},"type":"binary-expr","locations":[{"start":{"line":28,"column":28},"end":{"line":28,"column":40}},{"start":{"line":28,"column":44},"end":{"line":28,"column":61}}],"line":28},"2":{"loc":{"start":{"line":29,"column":31},"end":{"line":29,"column":70}},"type":"binary-expr","locations":[{"start":{"line":29,"column":31},"end":{"line":29,"column":46}},{"start":{"line":29,"column":50},"end":{"line":29,"column":70}}],"line":29}},"s":{"0":10,"1":10,"2":10,"3":10,"4":10,"5":10,"6":1,"7":1,"8":1,"9":0,"10":1,"11":1,"12":0,"13":10,"14":1,"15":1,"16":1,"17":1,"18":1,"19":1,"20":1,"21":1,"22":1,"23":0,"24":10,"25":1,"26":1,"27":1,"28":1,"29":1,"30":1,"31":1,"32":1,"33":1,"34":1,"35":3,"36":3,"37":1,"38":1,"39":0,"40":10,"41":1,"42":1,"43":1,"44":1,"45":3,"46":3,"47":1,"48":1,"49":3,"50":3,"51":3,"52":3,"53":3,"54":1,"55":0,"56":10,"57":1,"58":1,"59":1,"60":1,"61":3,"62":3,"63":1,"64":1,"65":1,"66":3,"67":3,"68":1,"69":1,"70":0,"71":10,"72":1,"73":1,"74":1,"75":1,"76":3,"77":3,"78":1,"79":1,"80":1,"81":3,"82":1,"83":1,"84":0},"f":{"0":1,"1":1,"2":1,"3":1,"4":1,"5":1},"b":{"0":[0,1],"1":[1,0],"2":[1,0]},"_coverageSchema":"1a1c01bbd47fc00a2c39e90264f33305004495a9","hash":"400d2dad986359b2299f3d47def215d83a1b025a"}
,"C:\\Users\\user\\Documents\\organicus-server\\controllers\\product.js": {"path":"C:\\Users\\user\\Documents\\organicus-server\\controllers\\product.js","statementMap":{"0":{"start":{"line":1,"column":19},"end":{"line":1,"column":40}},"1":{"start":{"line":2,"column":10},"end":{"line":2,"column":27}},"2":{"start":{"line":3,"column":11},"end":{"line":3,"column":24}},"3":{"start":{"line":4,"column":16},"end":{"line":4,"column":44}},"4":{"start":{"line":5,"column":23},"end":{"line":5,"column":59}},"5":{"start":{"line":7,"column":0},"end":{"line":17,"column":1}},"6":{"start":{"line":8,"column":4},"end":{"line":16,"column":6}},"7":{"start":{"line":9,"column":8},"end":{"line":13,"column":9}},"8":{"start":{"line":10,"column":12},"end":{"line":12,"column":14}},"9":{"start":{"line":14,"column":8},"end":{"line":14,"column":29}},"10":{"start":{"line":15,"column":8},"end":{"line":15,"column":14}},"11":{"start":{"line":19,"column":0},"end":{"line":22,"column":1}},"12":{"start":{"line":20,"column":4},"end":{"line":20,"column":35}},"13":{"start":{"line":21,"column":4},"end":{"line":21,"column":32}},"14":{"start":{"line":24,"column":0},"end":{"line":38,"column":1}},"15":{"start":{"line":25,"column":18},"end":{"line":25,"column":29}},"16":{"start":{"line":26,"column":4},"end":{"line":37,"column":6}},"17":{"start":{"line":27,"column":8},"end":{"line":31,"column":9}},"18":{"start":{"line":28,"column":12},"end":{"line":30,"column":14}},"19":{"start":{"line":32,"column":20},"end":{"line":32,"column":40}},"20":{"start":{"line":33,"column":8},"end":{"line":36,"column":10}},"21":{"start":{"line":40,"column":0},"end":{"line":82,"column":1}},"22":{"start":{"line":41,"column":15},"end":{"line":41,"column":44}},"23":{"start":{"line":42,"column":4},"end":{"line":42,"column":30}},"24":{"start":{"line":43,"column":4},"end":{"line":81,"column":6}},"25":{"start":{"line":44,"column":8},"end":{"line":48,"column":9}},"26":{"start":{"line":45,"column":12},"end":{"line":47,"column":14}},"27":{"start":{"line":49,"column":58},"end":{"line":49,"column":64}},"28":{"start":{"line":51,"column":8},"end":{"line":55,"column":9}},"29":{"start":{"line":52,"column":12},"end":{"line":54,"column":14}},"30":{"start":{"line":57,"column":22},"end":{"line":57,"column":33}},"31":{"start":{"line":58,"column":8},"end":{"line":58,"column":43}},"32":{"start":{"line":60,"column":8},"end":{"line":68,"column":9}},"33":{"start":{"line":61,"column":12},"end":{"line":65,"column":13}},"34":{"start":{"line":62,"column":16},"end":{"line":64,"column":18}},"35":{"start":{"line":66,"column":12},"end":{"line":66,"column":70}},"36":{"start":{"line":67,"column":12},"end":{"line":67,"column":60}},"37":{"start":{"line":70,"column":8},"end":{"line":79,"column":10}},"38":{"start":{"line":71,"column":12},"end":{"line":76,"column":13}},"39":{"start":{"line":72,"column":16},"end":{"line":72,"column":32}},"40":{"start":{"line":73,"column":16},"end":{"line":75,"column":18}},"41":{"start":{"line":78,"column":12},"end":{"line":78,"column":33}},"42":{"start":{"line":84,"column":0},"end":{"line":125,"column":1}},"43":{"start":{"line":85,"column":15},"end":{"line":85,"column":44}},"44":{"start":{"line":86,"column":4},"end":{"line":86,"column":30}},"45":{"start":{"line":87,"column":4},"end":{"line":124,"column":6}},"46":{"start":{"line":88,"column":8},"end":{"line":92,"column":9}},"47":{"start":{"line":89,"column":12},"end":{"line":91,"column":14}},"48":{"start":{"line":93,"column":58},"end":{"line":93,"column":64}},"49":{"start":{"line":95,"column":8},"end":{"line":99,"column":9}},"50":{"start":{"line":96,"column":12},"end":{"line":98,"column":14}},"51":{"start":{"line":101,"column":22},"end":{"line":101,"column":41}},"52":{"start":{"line":103,"column":8},"end":{"line":111,"column":9}},"53":{"start":{"line":104,"column":12},"end":{"line":108,"column":13}},"54":{"start":{"line":105,"column":16},"end":{"line":107,"column":18}},"55":{"start":{"line":109,"column":12},"end":{"line":109,"column":70}},"56":{"start":{"line":110,"column":12},"end":{"line":110,"column":60}},"57":{"start":{"line":113,"column":8},"end":{"line":122,"column":10}},"58":{"start":{"line":114,"column":12},"end":{"line":119,"column":13}},"59":{"start":{"line":115,"column":16},"end":{"line":115,"column":32}},"60":{"start":{"line":116,"column":16},"end":{"line":118,"column":18}},"61":{"start":{"line":121,"column":12},"end":{"line":121,"column":33}},"62":{"start":{"line":128,"column":0},"end":{"line":146,"column":1}},"63":{"start":{"line":129,"column":16},"end":{"line":129,"column":57}},"64":{"start":{"line":130,"column":17},"end":{"line":130,"column":60}},"65":{"start":{"line":131,"column":16},"end":{"line":131,"column":63}},"66":{"start":{"line":133,"column":4},"end":{"line":145,"column":6}},"67":{"start":{"line":139,"column":8},"end":{"line":143,"column":9}},"68":{"start":{"line":140,"column":12},"end":{"line":142,"column":14}},"69":{"start":{"line":144,"column":8},"end":{"line":144,"column":26}},"70":{"start":{"line":148,"column":0},"end":{"line":167,"column":1}},"71":{"start":{"line":150,"column":16},"end":{"line":150,"column":57}},"72":{"start":{"line":151,"column":17},"end":{"line":151,"column":60}},"73":{"start":{"line":152,"column":16},"end":{"line":152,"column":63}},"74":{"start":{"line":153,"column":4},"end":{"line":165,"column":6}},"75":{"start":{"line":159,"column":8},"end":{"line":163,"column":9}},"76":{"start":{"line":160,"column":12},"end":{"line":162,"column":14}},"77":{"start":{"line":164,"column":8},"end":{"line":164,"column":26}},"78":{"start":{"line":169,"column":0},"end":{"line":186,"column":1}},"79":{"start":{"line":171,"column":16},"end":{"line":171,"column":57}},"80":{"start":{"line":172,"column":17},"end":{"line":172,"column":60}},"81":{"start":{"line":173,"column":4},"end":{"line":185,"column":6}},"82":{"start":{"line":179,"column":8},"end":{"line":183,"column":9}},"83":{"start":{"line":180,"column":12},"end":{"line":182,"column":14}},"84":{"start":{"line":184,"column":8},"end":{"line":184,"column":26}},"85":{"start":{"line":189,"column":0},"end":{"line":231,"column":2}},"86":{"start":{"line":190,"column":16},"end":{"line":190,"column":56}},"87":{"start":{"line":191,"column":17},"end":{"line":191,"column":58}},"88":{"start":{"line":192,"column":16},"end":{"line":192,"column":63}},"89":{"start":{"line":193,"column":15},"end":{"line":193,"column":38}},"90":{"start":{"line":194,"column":19},"end":{"line":194,"column":21}},"91":{"start":{"line":199,"column":4},"end":{"line":212,"column":5}},"92":{"start":{"line":200,"column":8},"end":{"line":211,"column":9}},"93":{"start":{"line":201,"column":12},"end":{"line":210,"column":13}},"94":{"start":{"line":204,"column":16},"end":{"line":207,"column":18}},"95":{"start":{"line":209,"column":16},"end":{"line":209,"column":54}},"96":{"start":{"line":214,"column":4},"end":{"line":230,"column":11}},"97":{"start":{"line":221,"column":12},"end":{"line":225,"column":13}},"98":{"start":{"line":222,"column":16},"end":{"line":224,"column":19}},"99":{"start":{"line":226,"column":12},"end":{"line":229,"column":15}},"100":{"start":{"line":233,"column":0},"end":{"line":240,"column":1}},"101":{"start":{"line":235,"column":4},"end":{"line":238,"column":5}},"102":{"start":{"line":236,"column":8},"end":{"line":236,"column":64}},"103":{"start":{"line":237,"column":8},"end":{"line":237,"column":49}},"104":{"start":{"line":239,"column":4},"end":{"line":239,"column":10}}},"fnMap":{"0":{"name":"(anonymous_0)","decl":{"start":{"line":7,"column":22},"end":{"line":7,"column":23}},"loc":{"start":{"line":7,"column":41},"end":{"line":17,"column":1}},"line":7},"1":{"name":"(anonymous_1)","decl":{"start":{"line":8,"column":53},"end":{"line":8,"column":54}},"loc":{"start":{"line":8,"column":69},"end":{"line":16,"column":5}},"line":8},"2":{"name":"(anonymous_2)","decl":{"start":{"line":19,"column":15},"end":{"line":19,"column":16}},"loc":{"start":{"line":19,"column":28},"end":{"line":22,"column":1}},"line":19},"3":{"name":"(anonymous_3)","decl":{"start":{"line":24,"column":17},"end":{"line":24,"column":18}},"loc":{"start":{"line":24,"column":30},"end":{"line":38,"column":1}},"line":24},"4":{"name":"(anonymous_4)","decl":{"start":{"line":26,"column":19},"end":{"line":26,"column":20}},"loc":{"start":{"line":26,"column":43},"end":{"line":37,"column":5}},"line":26},"5":{"name":"(anonymous_5)","decl":{"start":{"line":40,"column":17},"end":{"line":40,"column":18}},"loc":{"start":{"line":40,"column":30},"end":{"line":82,"column":1}},"line":40},"6":{"name":"(anonymous_6)","decl":{"start":{"line":43,"column":19},"end":{"line":43,"column":20}},"loc":{"start":{"line":43,"column":41},"end":{"line":81,"column":5}},"line":43},"7":{"name":"(anonymous_7)","decl":{"start":{"line":70,"column":21},"end":{"line":70,"column":22}},"loc":{"start":{"line":70,"column":37},"end":{"line":79,"column":9}},"line":70},"8":{"name":"(anonymous_8)","decl":{"start":{"line":84,"column":17},"end":{"line":84,"column":18}},"loc":{"start":{"line":84,"column":30},"end":{"line":125,"column":1}},"line":84},"9":{"name":"(anonymous_9)","decl":{"start":{"line":87,"column":19},"end":{"line":87,"column":20}},"loc":{"start":{"line":87,"column":41},"end":{"line":124,"column":5}},"line":87},"10":{"name":"(anonymous_10)","decl":{"start":{"line":113,"column":21},"end":{"line":113,"column":22}},"loc":{"start":{"line":113,"column":37},"end":{"line":122,"column":9}},"line":113},"11":{"name":"(anonymous_11)","decl":{"start":{"line":128,"column":15},"end":{"line":128,"column":16}},"loc":{"start":{"line":128,"column":28},"end":{"line":146,"column":1}},"line":128},"12":{"name":"(anonymous_12)","decl":{"start":{"line":138,"column":10},"end":{"line":138,"column":11}},"loc":{"start":{"line":138,"column":28},"end":{"line":145,"column":5}},"line":138},"13":{"name":"(anonymous_13)","decl":{"start":{"line":148,"column":17},"end":{"line":148,"column":18}},"loc":{"start":{"line":148,"column":30},"end":{"line":167,"column":1}},"line":148},"14":{"name":"(anonymous_14)","decl":{"start":{"line":158,"column":10},"end":{"line":158,"column":11}},"loc":{"start":{"line":158,"column":28},"end":{"line":165,"column":5}},"line":158},"15":{"name":"(anonymous_15)","decl":{"start":{"line":169,"column":27},"end":{"line":169,"column":28}},"loc":{"start":{"line":169,"column":40},"end":{"line":186,"column":1}},"line":169},"16":{"name":"(anonymous_16)","decl":{"start":{"line":178,"column":10},"end":{"line":178,"column":11}},"loc":{"start":{"line":178,"column":28},"end":{"line":185,"column":5}},"line":178},"17":{"name":"(anonymous_17)","decl":{"start":{"line":189,"column":23},"end":{"line":189,"column":24}},"loc":{"start":{"line":189,"column":37},"end":{"line":231,"column":1}},"line":189},"18":{"name":"(anonymous_18)","decl":{"start":{"line":220,"column":14},"end":{"line":220,"column":15}},"loc":{"start":{"line":220,"column":29},"end":{"line":230,"column":9}},"line":220},"19":{"name":"(anonymous_19)","decl":{"start":{"line":233,"column":18},"end":{"line":233,"column":19}},"loc":{"start":{"line":233,"column":36},"end":{"line":240,"column":1}},"line":233}},"branchMap":{"0":{"loc":{"start":{"line":9,"column":8},"end":{"line":13,"column":9}},"type":"if","locations":[{"start":{"line":9,"column":8},"end":{"line":13,"column":9}},{"start":{"line":9,"column":8},"end":{"line":13,"column":9}}],"line":9},"1":{"loc":{"start":{"line":9,"column":11},"end":{"line":9,"column":26}},"type":"binary-expr","locations":[{"start":{"line":9,"column":11},"end":{"line":9,"column":14}},{"start":{"line":9,"column":18},"end":{"line":9,"column":26}}],"line":9},"2":{"loc":{"start":{"line":27,"column":8},"end":{"line":31,"column":9}},"type":"if","locations":[{"start":{"line":27,"column":8},"end":{"line":31,"column":9}},{"start":{"line":27,"column":8},"end":{"line":31,"column":9}}],"line":27},"3":{"loc":{"start":{"line":44,"column":8},"end":{"line":48,"column":9}},"type":"if","locations":[{"start":{"line":44,"column":8},"end":{"line":48,"column":9}},{"start":{"line":44,"column":8},"end":{"line":48,"column":9}}],"line":44},"4":{"loc":{"start":{"line":51,"column":8},"end":{"line":55,"column":9}},"type":"if","locations":[{"start":{"line":51,"column":8},"end":{"line":55,"column":9}},{"start":{"line":51,"column":8},"end":{"line":55,"column":9}}],"line":51},"5":{"loc":{"start":{"line":51,"column":11},"end":{"line":51,"column":67}},"type":"binary-expr","locations":[{"start":{"line":51,"column":11},"end":{"line":51,"column":17}},{"start":{"line":51,"column":21},"end":{"line":51,"column":32}},{"start":{"line":51,"column":36},"end":{"line":51,"column":47}},{"start":{"line":51,"column":51},"end":{"line":51,"column":57}},{"start":{"line":51,"column":61},"end":{"line":51,"column":67}}],"line":51},"6":{"loc":{"start":{"line":60,"column":8},"end":{"line":68,"column":9}},"type":"if","locations":[{"start":{"line":60,"column":8},"end":{"line":68,"column":9}},{"start":{"line":60,"column":8},"end":{"line":68,"column":9}}],"line":60},"7":{"loc":{"start":{"line":61,"column":12},"end":{"line":65,"column":13}},"type":"if","locations":[{"start":{"line":61,"column":12},"end":{"line":65,"column":13}},{"start":{"line":61,"column":12},"end":{"line":65,"column":13}}],"line":61},"8":{"loc":{"start":{"line":71,"column":12},"end":{"line":76,"column":13}},"type":"if","locations":[{"start":{"line":71,"column":12},"end":{"line":76,"column":13}},{"start":{"line":71,"column":12},"end":{"line":76,"column":13}}],"line":71},"9":{"loc":{"start":{"line":88,"column":8},"end":{"line":92,"column":9}},"type":"if","locations":[{"start":{"line":88,"column":8},"end":{"line":92,"column":9}},{"start":{"line":88,"column":8},"end":{"line":92,"column":9}}],"line":88},"10":{"loc":{"start":{"line":95,"column":8},"end":{"line":99,"column":9}},"type":"if","locations":[{"start":{"line":95,"column":8},"end":{"line":99,"column":9}},{"start":{"line":95,"column":8},"end":{"line":99,"column":9}}],"line":95},"11":{"loc":{"start":{"line":95,"column":11},"end":{"line":95,"column":67}},"type":"binary-expr","locations":[{"start":{"line":95,"column":11},"end":{"line":95,"column":17}},{"start":{"line":95,"column":21},"end":{"line":95,"column":32}},{"start":{"line":95,"column":36},"end":{"line":95,"column":47}},{"start":{"line":95,"column":51},"end":{"line":95,"column":57}},{"start":{"line":95,"column":61},"end":{"line":95,"column":67}}],"line":95},"12":{"loc":{"start":{"line":103,"column":8},"end":{"line":111,"column":9}},"type":"if","locations":[{"start":{"line":103,"column":8},"end":{"line":111,"column":9}},{"start":{"line":103,"column":8},"end":{"line":111,"column":9}}],"line":103},"13":{"loc":{"start":{"line":104,"column":12},"end":{"line":108,"column":13}},"type":"if","locations":[{"start":{"line":104,"column":12},"end":{"line":108,"column":13}},{"start":{"line":104,"column":12},"end":{"line":108,"column":13}}],"line":104},"14":{"loc":{"start":{"line":114,"column":12},"end":{"line":119,"column":13}},"type":"if","locations":[{"start":{"line":114,"column":12},"end":{"line":119,"column":13}},{"start":{"line":114,"column":12},"end":{"line":119,"column":13}}],"line":114},"15":{"loc":{"start":{"line":129,"column":16},"end":{"line":129,"column":57}},"type":"cond-expr","locations":[{"start":{"line":129,"column":34},"end":{"line":129,"column":49}},{"start":{"line":129,"column":52},"end":{"line":129,"column":57}}],"line":129},"16":{"loc":{"start":{"line":130,"column":17},"end":{"line":130,"column":60}},"type":"cond-expr","locations":[{"start":{"line":130,"column":36},"end":{"line":130,"column":52}},{"start":{"line":130,"column":55},"end":{"line":130,"column":60}}],"line":130},"17":{"loc":{"start":{"line":131,"column":16},"end":{"line":131,"column":63}},"type":"cond-expr","locations":[{"start":{"line":131,"column":34},"end":{"line":131,"column":59}},{"start":{"line":131,"column":62},"end":{"line":131,"column":63}}],"line":131},"18":{"loc":{"start":{"line":139,"column":8},"end":{"line":143,"column":9}},"type":"if","locations":[{"start":{"line":139,"column":8},"end":{"line":143,"column":9}},{"start":{"line":139,"column":8},"end":{"line":143,"column":9}}],"line":139},"19":{"loc":{"start":{"line":150,"column":16},"end":{"line":150,"column":57}},"type":"cond-expr","locations":[{"start":{"line":150,"column":34},"end":{"line":150,"column":49}},{"start":{"line":150,"column":52},"end":{"line":150,"column":57}}],"line":150},"20":{"loc":{"start":{"line":151,"column":17},"end":{"line":151,"column":60}},"type":"cond-expr","locations":[{"start":{"line":151,"column":36},"end":{"line":151,"column":52}},{"start":{"line":151,"column":55},"end":{"line":151,"column":60}}],"line":151},"21":{"loc":{"start":{"line":152,"column":16},"end":{"line":152,"column":63}},"type":"cond-expr","locations":[{"start":{"line":152,"column":34},"end":{"line":152,"column":59}},{"start":{"line":152,"column":62},"end":{"line":152,"column":63}}],"line":152},"22":{"loc":{"start":{"line":159,"column":8},"end":{"line":163,"column":9}},"type":"if","locations":[{"start":{"line":159,"column":8},"end":{"line":163,"column":9}},{"start":{"line":159,"column":8},"end":{"line":163,"column":9}}],"line":159},"23":{"loc":{"start":{"line":171,"column":16},"end":{"line":171,"column":57}},"type":"cond-expr","locations":[{"start":{"line":171,"column":34},"end":{"line":171,"column":49}},{"start":{"line":171,"column":52},"end":{"line":171,"column":57}}],"line":171},"24":{"loc":{"start":{"line":172,"column":17},"end":{"line":172,"column":60}},"type":"cond-expr","locations":[{"start":{"line":172,"column":36},"end":{"line":172,"column":52}},{"start":{"line":172,"column":55},"end":{"line":172,"column":60}}],"line":172},"25":{"loc":{"start":{"line":179,"column":8},"end":{"line":183,"column":9}},"type":"if","locations":[{"start":{"line":179,"column":8},"end":{"line":183,"column":9}},{"start":{"line":179,"column":8},"end":{"line":183,"column":9}}],"line":179},"26":{"loc":{"start":{"line":190,"column":16},"end":{"line":190,"column":56}},"type":"cond-expr","locations":[{"start":{"line":190,"column":33},"end":{"line":190,"column":47}},{"start":{"line":190,"column":50},"end":{"line":190,"column":56}}],"line":190},"27":{"loc":{"start":{"line":191,"column":17},"end":{"line":191,"column":58}},"type":"cond-expr","locations":[{"start":{"line":191,"column":35},"end":{"line":191,"column":50}},{"start":{"line":191,"column":53},"end":{"line":191,"column":58}}],"line":191},"28":{"loc":{"start":{"line":192,"column":16},"end":{"line":192,"column":63}},"type":"cond-expr","locations":[{"start":{"line":192,"column":33},"end":{"line":192,"column":57}},{"start":{"line":192,"column":60},"end":{"line":192,"column":63}}],"line":192},"29":{"loc":{"start":{"line":200,"column":8},"end":{"line":211,"column":9}},"type":"if","locations":[{"start":{"line":200,"column":8},"end":{"line":211,"column":9}},{"start":{"line":200,"column":8},"end":{"line":211,"column":9}}],"line":200},"30":{"loc":{"start":{"line":201,"column":12},"end":{"line":210,"column":13}},"type":"if","locations":[{"start":{"line":201,"column":12},"end":{"line":210,"column":13}},{"start":{"line":201,"column":12},"end":{"line":210,"column":13}}],"line":201},"31":{"loc":{"start":{"line":221,"column":12},"end":{"line":225,"column":13}},"type":"if","locations":[{"start":{"line":221,"column":12},"end":{"line":225,"column":13}},{"start":{"line":221,"column":12},"end":{"line":225,"column":13}}],"line":221},"32":{"loc":{"start":{"line":235,"column":4},"end":{"line":238,"column":5}},"type":"if","locations":[{"start":{"line":235,"column":4},"end":{"line":238,"column":5}},{"start":{"line":235,"column":4},"end":{"line":238,"column":5}}],"line":235}},"s":{"0":10,"1":10,"2":10,"3":10,"4":10,"5":10,"6":6,"7":6,"8":0,"9":6,"10":6,"11":10,"12":1,"13":1,"14":10,"15":1,"16":1,"17":1,"18":0,"19":1,"20":1,"21":10,"22":1,"23":1,"24":1,"25":1,"26":0,"27":1,"28":1,"29":0,"30":1,"31":1,"32":1,"33":0,"34":0,"35":0,"36":0,"37":1,"38":1,"39":0,"40":0,"41":1,"42":10,"43":1,"44":1,"45":1,"46":1,"47":0,"48":1,"49":1,"50":0,"51":1,"52":1,"53":0,"54":0,"55":0,"56":0,"57":1,"58":1,"59":0,"60":0,"61":1,"62":10,"63":1,"64":1,"65":1,"66":1,"67":1,"68":0,"69":1,"70":10,"71":1,"72":1,"73":1,"74":1,"75":1,"76":0,"77":1,"78":10,"79":1,"80":1,"81":1,"82":1,"83":0,"84":1,"85":10,"86":2,"87":2,"88":2,"89":2,"90":2,"91":2,"92":1,"93":1,"94":0,"95":1,"96":2,"97":2,"98":0,"99":2,"100":10,"101":0,"102":0,"103":0,"104":0},"f":{"0":6,"1":6,"2":1,"3":1,"4":1,"5":1,"6":1,"7":1,"8":1,"9":1,"10":1,"11":1,"12":1,"13":1,"14":1,"15":1,"16":1,"17":2,"18":2,"19":0},"b":{"0":[0,6],"1":[6,6],"2":[0,1],"3":[0,1],"4":[0,1],"5":[1,1,1,1,1],"6":[0,1],"7":[0,0],"8":[0,1],"9":[0,1],"10":[0,1],"11":[1,1,1,1,1],"12":[0,1],"13":[0,0],"14":[0,1],"15":[0,1],"16":[0,1],"17":[0,1],"18":[0,1],"19":[0,1],"20":[0,1],"21":[0,1],"22":[0,1],"23":[0,1],"24":[0,1],"25":[0,1],"26":[0,2],"27":[0,2],"28":[0,2],"29":[1,0],"30":[0,1],"31":[0,2],"32":[0,0]},"_coverageSchema":"1a1c01bbd47fc00a2c39e90264f33305004495a9","hash":"2b485f1e076ec17106d1b924b471f51ab2aed12f"}
,"C:\\Users\\user\\Documents\\organicus-server\\controllers\\rate.js": {"path":"C:\\Users\\user\\Documents\\organicus-server\\controllers\\rate.js","statementMap":{"0":{"start":{"line":1,"column":16},"end":{"line":1,"column":44}},"1":{"start":{"line":2,"column":13},"end":{"line":2,"column":38}},"2":{"start":{"line":4,"column":0},"end":{"line":30,"column":2}},"3":{"start":{"line":5,"column":4},"end":{"line":29,"column":5}},"4":{"start":{"line":6,"column":25},"end":{"line":6,"column":73}},"5":{"start":{"line":8,"column":26},"end":{"line":8,"column":50}},"6":{"start":{"line":9,"column":20},"end":{"line":9,"column":38}},"7":{"start":{"line":11,"column":23},"end":{"line":11,"column":81}},"8":{"start":{"line":14,"column":21},"end":{"line":19,"column":14}},"9":{"start":{"line":21,"column":8},"end":{"line":23,"column":9}},"10":{"start":{"line":22,"column":12},"end":{"line":22,"column":34}},"11":{"start":{"line":27,"column":8},"end":{"line":27,"column":28}},"12":{"start":{"line":28,"column":8},"end":{"line":28,"column":36}},"13":{"start":{"line":33,"column":0},"end":{"line":54,"column":2}},"14":{"start":{"line":34,"column":4},"end":{"line":53,"column":5}},"15":{"start":{"line":35,"column":24},"end":{"line":35,"column":74}},"16":{"start":{"line":36,"column":26},"end":{"line":36,"column":49}},"17":{"start":{"line":37,"column":20},"end":{"line":37,"column":37}},"18":{"start":{"line":39,"column":23},"end":{"line":39,"column":81}},"19":{"start":{"line":40,"column":21},"end":{"line":45,"column":33}},"20":{"start":{"line":47,"column":8},"end":{"line":49,"column":9}},"21":{"start":{"line":48,"column":12},"end":{"line":48,"column":34}},"22":{"start":{"line":52,"column":8},"end":{"line":52,"column":36}}},"fnMap":{"0":{"name":"(anonymous_0)","decl":{"start":{"line":4,"column":23},"end":{"line":4,"column":24}},"loc":{"start":{"line":4,"column":43},"end":{"line":30,"column":1}},"line":4},"1":{"name":"(anonymous_1)","decl":{"start":{"line":33,"column":22},"end":{"line":33,"column":23}},"loc":{"start":{"line":33,"column":42},"end":{"line":54,"column":1}},"line":33}},"branchMap":{"0":{"loc":{"start":{"line":8,"column":26},"end":{"line":8,"column":50}},"type":"binary-expr","locations":[{"start":{"line":8,"column":26},"end":{"line":8,"column":45}},{"start":{"line":8,"column":49},"end":{"line":8,"column":50}}],"line":8},"1":{"loc":{"start":{"line":9,"column":20},"end":{"line":9,"column":38}},"type":"binary-expr","locations":[{"start":{"line":9,"column":20},"end":{"line":9,"column":33}},{"start":{"line":9,"column":37},"end":{"line":9,"column":38}}],"line":9},"2":{"loc":{"start":{"line":21,"column":8},"end":{"line":23,"column":9}},"type":"if","locations":[{"start":{"line":21,"column":8},"end":{"line":23,"column":9}},{"start":{"line":21,"column":8},"end":{"line":23,"column":9}}],"line":21},"3":{"loc":{"start":{"line":36,"column":26},"end":{"line":36,"column":49}},"type":"binary-expr","locations":[{"start":{"line":36,"column":26},"end":{"line":36,"column":44}},{"start":{"line":36,"column":48},"end":{"line":36,"column":49}}],"line":36},"4":{"loc":{"start":{"line":37,"column":20},"end":{"line":37,"column":37}},"type":"binary-expr","locations":[{"start":{"line":37,"column":20},"end":{"line":37,"column":32}},{"start":{"line":37,"column":36},"end":{"line":37,"column":37}}],"line":37},"5":{"loc":{"start":{"line":47,"column":8},"end":{"line":49,"column":9}},"type":"if","locations":[{"start":{"line":47,"column":8},"end":{"line":49,"column":9}},{"start":{"line":47,"column":8},"end":{"line":49,"column":9}}],"line":47}},"s":{"0":10,"1":10,"2":10,"3":1,"4":1,"5":1,"6":1,"7":1,"8":1,"9":1,"10":1,"11":0,"12":0,"13":10,"14":1,"15":1,"16":1,"17":1,"18":1,"19":1,"20":1,"21":1,"22":0},"f":{"0":1,"1":1},"b":{"0":[1,1],"1":[1,1],"2":[1,0],"3":[1,1],"4":[1,1],"5":[1,0]},"_coverageSchema":"1a1c01bbd47fc00a2c39e90264f33305004495a9","hash":"7305dba53d432b6db0ddbcb96e78af65d97977e5"}
[...]
,"column":16},"end":{"line":5,"column":47}},"5":{"start":{"line":6,"column":16},"end":{"line":6,"column":47}},"6":{"start":{"line":8,"column":22},"end":{"line":8,"column":51}},"7":{"start":{"line":9,"column":20},"end":{"line":17,"column":1}},"8":{"start":{"line":19,"column":22},"end":{"line":19,"column":51}},"9":{"start":{"line":20,"column":20},"end":{"line":28,"column":1}},"10":{"start":{"line":31,"column":22},"end":{"line":31,"column":51}},"11":{"start":{"line":32,"column":20},"end":{"line":35,"column":1}},"12":{"start":{"line":38,"column":21},"end":{"line":38,"column":50}},"13":{"start":{"line":39,"column":19},"end":{"line":46,"column":1}},"14":{"start":{"line":48,"column":21},"end":{"line":48,"column":50}},"15":{"start":{"line":49,"column":19},"end":{"line":54,"column":1}},"16":{"start":{"line":57,"column":29},"end":{"line":67,"column":1}},"17":{"start":{"line":58,"column":4},"end":{"line":58,"column":27}},"18":{"start":{"line":59,"column":4},"end":{"line":59,"column":31}},"19":{"start":{"line":60,"column":4},"end":{"line":60,"column":32}},"20":{"start":{"line":61,"column":4},"end":{"line":61,"column":31}},"21":{"start":{"line":62,"column":4},"end":{"line":62,"column":38}},"22":{"start":{"line":63,"column":4},"end":{"line":63,"column":38}},"23":{"start":{"line":64,"column":4},"end":{"line":64,"column":42}},"24":{"start":{"line":65,"column":4},"end":{"line":65,"column":40}},"25":{"start":{"line":66,"column":4},"end":{"line":66,"column":40}},"26":{"start":{"line":69,"column":0},"end":{"line":76,"column":1}}},"fnMap":{"0":{"name":"(anonymous_0)","decl":{"start":{"line":57,"column":29},"end":{"line":57,"column":30}},"loc":{"start":{"line":57,"column":41},"end":{"line":67,"column":1}},"line":57}},"branchMap":{},"s":{"0":1,"1":1,"2":1,"3":1,"4":1,"5":1,"6":1,"7":1,"8":1,"9":1,"10":1,"11":1,"12":1,"13":1,"14":1,"15":1,"16":1,"17":3,"18":3,"19":3,"20":3,"21":3,"22":3,"23":3,"24":3,"25":3,"26":1},"f":{"0":3},"b":{},"_coverageSchema":"1a1c01bbd47fc00a2c39e90264f33305004495a9","hash":"7482c0c64a977f9ce3cffb6272db2702fd0c5830"}
,"C:\\Users\\user\\Documents\\organicus-server\\tests\\fixtures\\complaintDb.js": {"path":"C:\\Users\\user\\Documents\\organicus-server\\tests\\fixtures\\complaintDb.js","statementMap":{"0":{"start":{"line":1,"column":12},"end":{"line":1,"column":35}},"1":{"start":{"line":2,"column":17},"end":{"line":2,"column":36}},"2":{"start":{"line":3,"column":13},"end":{"line":3,"column":41}},"3":{"start":{"line":4,"column":18},"end":{"line":4,"column":51}},"4":{"start":{"line":6,"column":18},"end":{"line":6,"column":47}},"5":{"start":{"line":7,"column":16},"end":{"line":15,"column":1}},"6":{"start":{"line":18,"column":22},"end":{"line":18,"column":51}},"7":{"start":{"line":19,"column":20},"end":{"line":27,"column":1}},"8":{"start":{"line":30,"column":31},"end":{"line":35,"column":1}},"9":{"start":{"line":31,"column":4},"end":{"line":31,"column":27}},"10":{"start":{"line":32,"column":4},"end":{"line":32,"column":33}},"11":{"start":{"line":33,"column":4},"end":{"line":33,"column":34}},"12":{"start":{"line":34,"column":4},"end":{"line":34,"column":38}},"13":{"start":{"line":37,"column":0},"end":{"line":41,"column":1}}},"fnMap":{"0":{"name":"(anonymous_0)","decl":{"start":{"line":30,"column":31},"end":{"line":30,"column":32}},"loc":{"start":{"line":30,"column":43},"end":{"line":35,"column":1}},"line":30}},"branchMap":{},"s":{"0":1,"1":1,"2":1,"3":1,"4":1,"5":1,"6":1,"7":1,"8":1,"9":1,"10":1,"11":1,"12":1,"13":1},"f":{"0":1},"b":{},"_coverageSchema":"1a1c01bbd47fc00a2c39e90264f33305004495a9","hash":"2f6343e455873b5b4a175464894727f780f65572"}
,"C:\\Users\\user\\Documents\\organicus-server\\tests\\fixtures\\favoriteDb.js": {"path":"C:\\Users\\user\\Documents\\organicus-server\\tests\\fixtures\\favoriteDb.js","statementMap":{"0":{"start":{"line":1,"column":12},"end":{"line":1,"column":35}},"1":{"start":{"line":2,"column":17},"end":{"line":2,"column":36}},"2":{"start":{"line":3,"column":13},"end":{"line":3,"column":41}},"3":{"start":{"line":4,"column":16},"end":{"line":4,"column":47}},"4":{"start":{"line":5,"column":17},"end":{"line":5,"column":49}},"5":{"start":{"line":6,"column":17},"end":{"line":6,"column":49}},"6":{"start":{"line":8,"column":22},"end":{"line":8,"column":51}},"7":{"start":{"line":9,"column":20},"end":{"line":17,"column":1}},"8":{"start":{"line":19,"column":22},"end":{"line":19,"column":51}},"9":{"start":{"line":20,"column":20},"end":{"line":28,"column":1}},"10":{"start":{"line":31,"column":22},"end":{"line":31,"column":51}},"11":{"start":{"line":32,"column":20},"end":{"line":35,"column":1}},"12":{"start":{"line":38,"column":21},"end":{"line":38,"column":50}},"13":{"start":{"line":39,"column":19},"end":{"line":46,"column":1}},"14":{"start":{"line":48,"column":21},"end":{"line":48,"column":50}},"15":{"start":{"line":49,"column":19},"end":{"line":56,"column":1}},"16":{"start":{"line":58,"column":22},"end":{"line":58,"column":51}},"17":{"start":{"line":59,"column":20},"end":{"line":63,"column":1}},"18":{"start":{"line":66,"column":30},"end":{"line":77,"column":1}},"19":{"start":{"line":67,"column":4},"end":{"line":67,"column":27}},"20":{"start":{"line":68,"column":4},"end":{"line":68,"column":31}},"21":{"start":{"line":69,"column":4},"end":{"line":69,"column":32}},"22":{"start":{"line":70,"column":4},"end":{"line":70,"column":32}},"23":{"start":{"line":71,"column":4},"end":{"line":71,"column":38}},"24":{"start":{"line":72,"column":4},"end":{"line":72,"column":38}},"25":{"start":{"line":73,"column":4},"end":{"line":73,"column":42}},"26":{"start":{"line":74,"column":4},"end":{"line":74,"column":40}},"27":{"start":{"line":75,"column":4},"end":{"line":75,"column":40}},"28":{"start":{"line":76,"column":4},"end":{"line":76,"column":42}},"29":{"start":{"line":79,"column":0},"end":{"line":87,"column":1}}},"fnMap":{"0":{"name":"(anonymous_0)","decl":{"start":{"line":66,"column":30},"end":{"line":66,"column":31}},"loc":{"start":{"line":66,"column":42},"end":{"line":77,"column":1}},"line":66}},"branchMap":{},"s":{"0":1,"1":1,"2":1,"3":1,"4":1,"5":1,"6":1,"7":1,"8":1,"9":1,"10":1,"11":1,"12":1,"13":1,"14":1,"15":1,"16":1,"17":1,"18":1,"19":3,"20":3,"21":3,"22":3,"23":3,"24":3,"25":3,"26":3,"27":3,"28":3,"29":1},"f":{"0":3},"b":{},"_coverageSchema":"1a1c01bbd47fc00a2c39e90264f33305004495a9","hash":"6f67b6d720258ac965b542ce7cb8eb838f5c2789"}
,"C:\\Users\\user\\Documents\\organicus-server\\tests\\fixtures\\messageDb.js": {"path":"C:\\Users\\user\\Documents\\organicus-server\\tests\\fixtures\\messageDb.js","statementMap":{"0":{"start":{"line":1,"column":12},"end":{"line":1,"column":35}},"1":{"start":{"line":2,"column":17},"end":{"line":2,"column":36}},"2":{"start":{"line":3,"column":13},"end":{"line":3,"column":41}},"3":{"start":{"line":4,"column":16},"end":{"line":4,"column":47}},"4":{"start":{"line":5,"column":17},"end":{"line":5,"column":49}},"5":{"start":{"line":6,"column":16},"end":{"line":6,"column":47}},"6":{"start":{"line":8,"column":22},"end":{"line":8,"column":51}},"7":{"start":{"line":9,"column":20},"end":{"line":17,"column":1}},"8":{"start":{"line":19,"column":22},"end":{"line":19,"column":51}},"9":{"start":{"line":20,"column":20},"end":{"line":28,"column":1}},"10":{"start":{"line":30,"column":22},"end":{"line":30,"column":51}},"11":{"start":{"line":31,"column":20},"end":{"line":34,"column":1}},"12":{"start":{"line":36,"column":21},"end":{"line":36,"column":50}},"13":{"start":{"line":37,"column":19},"end":{"line":44,"column":1}},"14":{"start":{"line":46,"column":21},"end":{"line":46,"column":50}},"15":{"start":{"line":47,"column":19},"end":{"line":53,"column":1}},"16":{"start":{"line":56,"column":29},"end":{"line":66,"column":1}},"17":{"start":{"line":57,"column":4},"end":{"line":57,"column":27}},"18":{"start":{"line":58,"column":4},"end":{"line":58,"column":31}},"19":{"start":{"line":59,"column":4},"end":{"line":59,"column":32}},"20":{"start":{"line":60,"column":4},"end":{"line":60,"column":31}},"21":{"start":{"line":61,"column":4},"end":{"line":61,"column":38}},"22":{"start":{"line":62,"column":4},"end":{"line":62,"column":38}},"23":{"start":{"line":63,"column":4},"end":{"line":63,"column":42}},"24":{"start":{"line":64,"column":4},"end":{"line":64,"column":40}},"25":{"start":{"line":65,"column":4},"end":{"line":65,"column":40}},"26":{"start":{"line":68,"column":0},"end":{"line":75,"column":1}}},"fnMap":{"0":{"name":"(anonymous_0)","decl":{"start":{"line":56,"column":29},"end":{"line":56,"column":30}},"loc":{"start":{"line":56,"column":41},"end":{"line":66,"column":1}},"line":56}},"branchMap":{},"s":{"0":1,"1":1,"2":1,"3":1,"4":1,"5":1,"6":1,"7":1,"8":1,"9":1,"10":1,"11":1,"12":1,"13":1,"14":1,"15":1,"16":1,"17":2,"18":2,"19":2,"20":2,"21":2,"22":2,"23":2,"24":2,"25":2,"26":1},"f":{"0":2},"b":{},"_coverageSchema":"1a1c01bbd47fc00a2c39e90264f33305004495a9","hash":"4a1e7995e7616caa55da898898ccdd9c51462eb7"}
,"C:\\Users\\user\\Documents\\organicus-server\\tests\\fixtures\\orderDb.js": {"path":"C:\\Users\\user\\Documents\\organicus-server\\tests\\fixtures\\orderDb.js","statementMap":{"0":{"start":{"line":1,"column":12},"end":{"line":1,"column":35}},"1":{"start":{"line":2,"column":17},"end":{"line":2,"column":36}},"2":{"start":{"line":3,"column":13},"end":{"line":3,"column":41}},"3":{"start":{"line":4,"column":17},"end":{"line":4,"column":49}},"4":{"start":{"line":5,"column":16},"end":{"line":5,"column":47}},"5":{"start":{"line":6,"column":14},"end":{"line":6,"column":43}},"6":{"start":{"line":7,"column":18},"end":{"line":7,"column":51}},"7":{"start":{"line":9,"column":22},"end":{"line":9,"column":51}},"8":{"start":{"line":10,"column":20},"end":{"line":17,"column":1}},"9":{"start":{"line":19,"column":22},"end":{"line":19,"column":51}},"10":{"start":{"line":20,"column":20},"end":{"line":28,"column":1}},"11":{"start":{"line":30,"column":22},"end":{"line":30,"column":51}},"12":{"start":{"line":31,"column":20},"end":{"line":34,"column":1}},"13":{"start":{"line":36,"column":21},"end":{"line":36,"column":50}},"14":{"start":{"line":37,"column":19},"end":{"line":44,"column":1}},"15":{"start":{"line":46,"column":21},"end":{"line":46,"column":50}},"16":{"start":{"line":47,"column":19},"end":{"line":54,"column":1}},"17":{"start":{"line":56,"column":23},"end":{"line":56,"column":52}},"18":{"start":{"line":57,"column":21},"end":{"line":66,"column":1}},"19":{"start":{"line":68,"column":19},"end":{"line":68,"column":48}},"20":{"start":{"line":69,"column":17},"end":{"line":75,"column":1}},"21":{"start":{"line":77,"column":23},"end":{"line":77,"column":52}},"22":{"start":{"line":78,"column":21},"end":{"line":83,"column":1}},"23":{"start":{"line":85,"column":23},"end":{"line":85,"column":52}},"24":{"start":{"line":86,"column":21},"end":{"line":91,"column":1}},"25":{"start":{"line":93,"column":25},"end":{"line":93,"column":54}},"26":{"start":{"line":94,"column":23},"end":{"line":99,"column":1}},"27":{"start":{"line":101,"column":27},"end":{"line":118,"column":1}},"28":{"start":{"line":102,"column":4},"end":{"line":102,"column":27}},"29":{"start":{"line":103,"column":4},"end":{"line":103,"column":31}},"30":{"start":{"line":104,"column":4},"end":{"line":104,"column":30}},"31":{"start":{"line":105,"column":4},"end":{"line":105,"column":32}},"32":{"start":{"line":106,"column":4},"end":{"line":106,"column":28}},"33":{"start":{"line":108,"column":4},"end":{"line":108,"column":38}},"34":{"start":{"line":109,"column":4},"end":{"line":109,"column":38}},"35":{"start":{"line":110,"column":4},"end":{"line":110,"column":42}},"36":{"start":{"line":111,"column":4},"end":{"line":111,"column":40}},"37":{"start":{"line":112,"column":4},"end":{"line":112,"column":40}},"38":{"start":{"line":113,"column":4},"end":{"line":113,"column":42}},"39":{"start":{"line":114,"column":4},"end":{"line":114,"column":36}},"40":{"start":{"line":115,"column":4},"end":{"line":115,"column":44}},"41":{"start":{"line":116,"column":4},"end":{"line":116,"column":44}},"42":{"start":{"line":117,"column":4},"end":{"line":117,"column":46}},"43":{"start":{"line":120,"column":0},"end":{"line":132,"column":1}}},"fnMap":{"0":{"name":"(anonymous_0)","decl":{"start":{"line":101,"column":27},"end":{"line":101,"column":28}},"loc":{"start":{"line":101,"column":39},"end":{"line":118,"column":1}},"line":101}},"branchMap":{},"s":{"0":1,"1":1,"2":1,"3":1,"4":1,"5":1,"6":1,"7":1,"8":1,"9":1,"10":1,"11":1,"12":1,"13":1,"14":1,"15":1,"16":1,"17":1,"18":1,"19":1,"20":1,"21":1,"22":1,"23":1,"24":1,"25":1,"26":1,"27":1,"28":6,"29":6,"30":6,"31":6,"32":6,"33":6,"34":6,"35":6,"36":6,"37":6,"38":6,"39":6,"40":6,"41":6,"42":6,"43":1},"f":{"0":6},"b":{},"_coverageSchema":"1a1c01bbd47fc00a2c39e90264f33305004495a9","hash":"42eefe9b67a0d219b1b0a244f240c3e592f2e2d8"}
,"C:\\Users\\user\\Documents\\organicus-server\\tests\\fixtures\\productDb.js": {"path":"C:\\Users\\user\\Documents\\organicus-server\\tests\\fixtures\\productDb.js","statementMap":{"0":{"start":{"line":1,"column":12},"end":{"line":1,"column":35}},"1":{"start":{"line":2,"column":17},"end":{"line":2,"column":36}},"2":{"start":{"line":3,"column":13},"end":{"line":3,"column":41}},"3":{"start":{"line":4,"column":17},"end":{"line":4,"column":49}},"4":{"start":{"line":5,"column":16},"end":{"line":5,"column":47}},"5":{"start":{"line":7,"column":22},"end":{"line":7,"column":51}},"6":{"start":{"line":8,"column":20},"end":{"line":16,"column":1}},"7":{"start":{"line":18,"column":22},"end":{"line":18,"column":51}},"8":{"start":{"line":19,"column":20},"end":{"line":27,"column":1}},"9":{"start":{"line":29,"column":22},"end":{"line":29,"column":51}},"10":{"start":{"line":30,"column":20},"end":{"line":33,"column":1}},"11":{"start":{"line":35,"column":21},"end":{"line":35,"column":50}},"12":{"start":{"line":36,"column":19},"end":{"line":43,"column":1}},"13":{"start":{"line":45,"column":29},"end":{"line":54,"column":1}},"14":{"start":{"line":46,"column":4},"end":{"line":46,"column":27}},"15":{"start":{"line":47,"column":4},"end":{"line":47,"column":31}},"16":{"start":{"line":48,"column":4},"end":{"line":48,"column":30}},"17":{"start":{"line":50,"column":4},"end":{"line":50,"column":38}},"18":{"start":{"line":51,"column":4},"end":{"line":51,"column":38}},"19":{"start":{"line":52,"column":4},"end":{"line":52,"column":42}},"20":{"start":{"line":53,"column":4},"end":{"line":53,"column":40}},"21":{"start":{"line":56,"column":0},"end":{"line":62,"column":1}}},"fnMap":{"0":{"name":"(anonymous_0)","decl":{"start":{"line":45,"column":29},"end":{"line":45,"column":30}},"loc":{"start":{"line":45,"column":41},"end":{"line":54,"column":1}},"line":45}},"branchMap":{},"s":{"0":1,"1":1,"2":1,"3":1,"4":1,"5":1,"6":1,"7":1,"8":1,"9":1,"10":1,"11":1,"12":1,"13":1,"14":10,"15":10,"16":10,"17":10,"18":10,"19":10,"20":10,"21":1},"f":{"0":10},"b":{},"_coverageSchema":"1a1c01bbd47fc00a2c39e90264f33305004495a9","hash":"c460b29fdd786c3940690507fe70d13c0dc239a2"}
,"C:\\Users\\user\\Documents\\organicus-server\\tests\\fixtures\\rateDb.js": {"path":"C:\\Users\\user\\Documents\\organicus-server\\tests\\fixtures\\rateDb.js","statementMap":{"0":{"start":{"line":1,"column":12},"end":{"line":1,"column":35}},"1":{"start":{"line":2,"column":17},"end":{"line":2,"column":36}},"2":{"start":{"line":3,"column":13},"end":{"line":3,"column":41}},"3":{"start":{"line":4,"column":16},"end":{"line":4,"column":47}},"4":{"start":{"line":5,"column":17},"end":{"line":5,"column":49}},"5":{"start":{"line":7,"column":22},"end":{"line":7,"column":51}},"6":{"start":{"line":8,"column":20},"end":{"line":16,"column":1}},"7":{"start":{"line":18,"column":22},"end":{"line":18,"column":51}},"8":{"start":{"line":19,"column":20},"end":{"line":27,"column":1}},"9":{"start":{"line":29,"column":22},"end":{"line":29,"column":51}},"10":{"start":{"line":30,"column":20},"end":{"line":33,"column":1}},"11":{"start":{"line":36,"column":21},"end":{"line":36,"column":50}},"12":{"start":{"line":37,"column":19},"end":{"line":44,"column":1}},"13":{"start":{"line":48,"column":26},"end":{"line":56,"column":1}},"14":{"start":{"line":49,"column":4},"end":{"line":49,"column":27}},"15":{"start":{"line":50,"column":4},"end":{"line":50,"column":31}},"16":{"start":{"line":51,"column":4},"end":{"line":51,"column":30}},"17":{"start":{"line":52,"column":4},"end":{"line":52,"column":38}},"18":{"start":{"line":53,"column":4},"end":{"line":53,"column":38}},"19":{"start":{"line":54,"column":4},"end":{"line":54,"column":42}},"20":{"start":{"line":55,"column":4},"end":{"line":55,"column":40}},"21":{"start":{"line":58,"column":0},"end":{"line":64,"column":1}}},"fnMap":{"0":{"name":"(anonymous_0)","decl":{"start":{"line":48,"column":26},"end":{"line":48,"column":27}},"loc":{"start":{"line":48,"column":38},"end":{"line":56,"column":1}},"line":48}},"branchMap":{},"s":{"0":1,"1":1,"2":1,"3":1,"4":1,"5":1,"6":1,"7":1,"8":1,"9":1,"10":1,"11":1,"12":1,"13":1,"14":2,"15":2,"16":2,"17":2,"18":2,"19":2,"20":2,"21":1},"f":{"0":2},"b":{},"_coverageSchema":"1a1c01bbd47fc00a2c39e90264f33305004495a9","hash":"29128b3cf67819277e1d578c722e7c5bcc47d5ba"}
,"C:\\Users\\user\\Documents\\organicus-server\\tests\\fixtures\\userDb.js": {"path":"C:\\Users\\user\\Documents\\organicus-server\\tests\\fixtures\\userDb.js","statementMap":{"0":{"start":{"line":1,"column":12},"end":{"line":1,"column":35}},"1":{"start":{"line":2,"column":17},"end":{"line":2,"column":36}},"2":{"start":{"line":3,"column":13},"end":{"line":3,"column":41}},"3":{"start":{"line":5,"column":22},"end":{"line":5,"column":51}},"4":{"start":{"line":6,"column":20},"end":{"line":13,"column":1}},"5":{"start":{"line":15,"column":26},"end":{"line":18,"column":1}},"6":{"start":{"line":16,"column":4},"end":{"line":16,"column":27}},"7":{"start":{"line":17,"column":4},"end":{"line":17,"column":38}},"8":{"start":{"line":20,"column":0},"end":{"line":23,"column":1}}},"fnMap":{"0":{"name":"(anonymous_0)","decl":{"start":{"line":15,"column":26},"end":{"line":15,"column":27}},"loc":{"start":{"line":15,"column":38},"end":{"line":18,"column":1}},"line":15}},"branchMap":{},"s":{"0":1,"1":1,"2":1,"3":1,"4":1,"5":1,"6":9,"7":9,"8":1},"f":{"0":9},"b":{},"_coverageSchema":"1a1c01bbd47fc00a2c39e90264f33305004495a9","hash":"714797def21c859b523d22236bfbd5c584613e38"}
,"C:\\Users\\user\\Documents\\organicus-server\\validators\\index.js": {"path":"C:\\Users\\user\\Documents\\organicus-server\\validators\\index.js","statementMap":{"0":{"start":{"line":1,"column":0},"end":{"line":23,"column":2}},"1":{"start":{"line":2,"column":4},"end":{"line":2,"column":63}},"2":{"start":{"line":3,"column":4},"end":{"line":3,"column":61}},"3":{"start":{"line":4,"column":4},"end":{"line":10,"column":15}},"4":{"start":{"line":11,"column":4},"end":{"line":11,"column":60}},"5":{"start":{"line":12,"column":4},"end":{"line":16,"column":51}},"6":{"start":{"line":17,"column":19},"end":{"line":17,"column":41}},"7":{"start":{"line":18,"column":4},"end":{"line":21,"column":5}},"8":{"start":{"line":19,"column":27},"end":{"line":19,"column":60}},"9":{"start":{"line":19,"column":47},"end":{"line":19,"column":56}},"10":{"start":{"line":20,"column":8},"end":{"line":20,"column":57}},"11":{"start":{"line":22,"column":4},"end":{"line":22,"column":11}}},"fnMap":{"0":{"name":"(anonymous_0)","decl":{"start":{"line":1,"column":30},"end":{"line":1,"column":31}},"loc":{"start":{"line":1,"column":46},"end":{"line":23,"column":1}},"line":1},"1":{"name":"(anonymous_1)","decl":{"start":{"line":19,"column":38},"end":{"line":19,"column":39}},"loc":{"start":{"line":19,"column":47},"end":{"line":19,"column":56}},"line":19}},"branchMap":{"0":{"loc":{"start":{"line":18,"column":4},"end":{"line":21,"column":5}},"type":"if","locations":[{"start":{"line":18,"column":4},"end":{"line":21,"column":5}},{"start":{"line":18,"column":4},"end":{"line":21,"column":5}}],"line":18}},"s":{"0":10,"1":2,"2":2,"3":2,"4":2,"5":2,"6":2,"7":2,"8":0,"9":0,"10":0,"11":2},"f":{"0":2,"1":0},"b":{"0":[0,2]},"_coverageSchema":"1a1c01bbd47fc00a2c39e90264f33305004495a9","hash":"9b410857a10e499f15e0d3fd1ea810b8b6de1bf2"}
}
