TN:
SF:app.js
FN:34,(anonymous_0)
FN:36,(anonymous_1)
FNF:2
FNH:1
FNDA:10,(anonymous_0)
FNDA:0,(anonymous_1)
DA:1,10
DA:2,10
DA:3,10
DA:4,10
DA:5,10
DA:6,10
DA:7,10
DA:10,10
DA:13,10
DA:14,10
DA:15,10
DA:16,10
DA:17,10
DA:18,10
DA:19,10
DA:20,10
DA:21,10
DA:22,10
DA:23,10
DA:26,10
DA:34,10
DA:36,10
DA:37,0
DA:42,10
DA:43,0
DA:44,10
DA:45,10
DA:46,10
DA:47,10
DA:50,10
DA:51,10
DA:52,10
DA:53,10
DA:54,10
DA:55,10
DA:56,10
DA:57,10
DA:58,10
DA:59,10
DA:60,10
DA:62,10
LF:41
LH:39
BRDA:42,0,0,0
BRDA:42,0,1,10
BRF:2
BRH:1
end_of_record
TN:
SF:controllers\auth.js
FN:7,(anonymous_0)
FN:9,(anonymous_1)
FN:24,(anonymous_2)
FN:26,(anonymous_3)
FN:49,(anonymous_4)
FN:60,(anonymous_5)
FN:70,(anonymous_6)
FNF:7
FNH:6
FNDA:2,(anonymous_0)
FNDA:2,(anonymous_1)
FNDA:3,(anonymous_2)
FNDA:3,(anonymous_3)
FNDA:0,(anonymous_4)
FNDA:30,(anonymous_5)
FNDA:7,(anonymous_6)
DA:1,10
DA:2,10
DA:3,10
DA:5,10
DA:7,10
DA:8,2
DA:9,2
DA:10,2
DA:11,1
DA:15,1
DA:16,1
DA:17,1
DA:24,10
DA:25,3
DA:26,3
DA:28,3
DA:29,1
DA:34,2
DA:35,1
DA:40,1
DA:42,1
DA:44,1
DA:45,1
DA:49,10
DA:50,0
DA:51,0
DA:54,10
DA:60,10
DA:61,30
DA:62,30
DA:63,1
DA:67,29
DA:70,10
DA:71,7
DA:72,0
DA:76,7
LF:36
LH:33
BRDA:10,0,0,1
BRDA:10,0,1,1
BRDA:28,1,0,1
BRDA:28,1,1,2
BRDA:28,2,0,3
BRDA:28,2,1,3
BRDA:34,3,0,1
BRDA:34,3,1,1
BRDA:61,4,0,30
BRDA:61,4,1,30
BRDA:61,4,2,30
BRDA:62,5,0,1
BRDA:62,5,1,29
BRDA:71,6,0,0
BRDA:71,6,1,7
BRF:15
BRH:14
end_of_record
TN:
SF:controllers\basket.js
FN:10,(anonymous_0)
FN:28,(anonymous_1)
FN:70,(anonymous_2)
FN:93,(anonymous_3)
FN:105,(anonymous_4)
FN:114,(anonymous_5)
FN:167,(anonymous_6)
FNF:7
FNH:7
FNDA:1,(anonymous_0)
FNDA:2,(anonymous_1)
FNDA:2,(anonymous_2)
FNDA:1,(anonymous_3)
FNDA:1,(anonymous_4)
FNDA:1,(anonymous_5)
FNDA:9,(anonymous_6)
DA:1,10
DA:2,10
DA:3,10
DA:4,10
DA:5,10
DA:6,10
DA:8,10
DA:10,10
DA:11,1
DA:12,1
DA:13,1
DA:14,0
DA:15,0
DA:17,0
DA:20,1
DA:21,1
DA:22,1
DA:24,0
DA:28,10
DA:29,2
DA:31,2
DA:32,2
DA:33,0
DA:34,0
DA:36,2
DA:38,2
DA:39,2
DA:40,0
DA:42,2
DA:43,2
DA:44,1
DA:46,1
DA:47,0
DA:49,1
DA:50,1
DA:53,1
DA:54,1
DA:57,1
DA:58,1
DA:60,0
DA:61,0
DA:63,0
DA:64,0
DA:66,1
DA:70,10
DA:71,2
DA:72,2
DA:73,0
DA:75,2
DA:76,2
DA:77,2
DA:79,2
DA:80,2
DA:81,1
DA:83,1
DA:84,1
DA:86,1
DA:87,1
DA:89,1
DA:93,10
DA:94,1
DA:95,1
DA:96,1
DA:98,1
DA:99,1
DA:101,0
DA:105,10
DA:106,1
DA:107,1
DA:108,1
DA:110,0
DA:114,10
DA:115,1
DA:116,1
DA:117,1
DA:118,0
DA:120,1
DA:121,1
DA:122,0
DA:124,1
DA:131,1
DA:132,1
DA:133,1
DA:134,3
DA:140,3
DA:141,3
DA:148,3
DA:149,3
DA:150,3
DA:152,3
DA:153,3
DA:155,3
DA:158,1
DA:159,1
DA:160,1
DA:161,3
DA:165,1
DA:167,9
DA:169,3
DA:181,1
DA:187,1
DA:189,0
LF:102
LH:84
BRDA:13,0,0,0
BRDA:13,0,1,1
BRDA:32,1,0,0
BRDA:32,1,1,2
BRDA:39,2,0,0
BRDA:39,2,1,2
BRDA:43,3,0,1
BRDA:43,3,1,1
BRDA:44,4,0,1
BRDA:44,4,1,0
BRDA:46,5,0,0
BRDA:46,5,1,1
BRDA:53,6,0,1
BRDA:53,6,1,0
BRDA:57,7,0,1
BRDA:57,7,1,0
BRDA:72,8,0,0
BRDA:72,8,1,2
BRDA:80,9,0,1
BRDA:80,9,1,1
BRDA:117,10,0,0
BRDA:117,10,1,1
BRDA:121,11,0,0
BRDA:121,11,1,1
BRDA:128,12,0,1
BRDA:128,12,1,0
BRF:26
BRH:15
end_of_record
TN:
SF:controllers\category.js
FN:4,(anonymous_0)
FN:5,(anonymous_1)
FN:16,(anonymous_2)
FN:20,(anonymous_3)
FN:23,(anonymous_4)
FN:34,(anonymous_5)
FN:36,(anonymous_6)
FN:49,(anonymous_7)
FN:50,(anonymous_8)
FN:61,(anonymous_9)
FN:63,(anonymous_10)
FNF:11
FNH:5
FNDA:2,(anonymous_0)
FNDA:2,(anonymous_1)
FNDA:1,(anonymous_2)
FNDA:0,(anonymous_3)
FNDA:0,(anonymous_4)
FNDA:0,(anonymous_5)
FNDA:0,(anonymous_6)
FNDA:1,(anonymous_7)
FNDA:1,(anonymous_8)
FNDA:0,(anonymous_9)
FNDA:0,(anonymous_10)
DA:1,10
DA:2,10
DA:4,10
DA:5,2
DA:6,2
DA:7,0
DA:11,2
DA:12,2
DA:16,10
DA:17,1
DA:20,10
DA:21,0
DA:22,0
DA:23,0
DA:24,0
DA:25,0
DA:29,0
DA:34,10
DA:35,0
DA:36,0
DA:37,0
DA:38,0
DA:42,0
DA:49,10
DA:50,1
DA:51,1
DA:52,0
DA:56,1
DA:61,10
DA:62,0
DA:63,0
DA:64,0
DA:65,0
DA:69,0
LF:34
LH:16
BRDA:6,0,0,0
BRDA:6,0,1,2
BRDA:6,1,0,2
BRDA:6,1,1,2
BRDA:24,2,0,0
BRDA:24,2,1,0
BRDA:37,3,0,0
BRDA:37,3,1,0
BRDA:51,4,0,0
BRDA:51,4,1,1
BRDA:64,5,0,0
BRDA:64,5,1,0
BRF:12
BRH:4
end_of_record
TN:
SF:controllers\comment.js
FN:5,(anonymous_0)
FN:8,(anonymous_1)
FN:20,(anonymous_2)
FN:22,(anonymous_3)
FN:36,(anonymous_4)
FN:39,(anonymous_5)
FN:49,(anonymous_6)
FN:50,(anonymous_7)
FNF:8
FNH:8
FNDA:1,(anonymous_0)
FNDA:1,(anonymous_1)
FNDA:1,(anonymous_2)
FNDA:1,(anonymous_3)
FNDA:1,(anonymous_4)
FNDA:1,(anonymous_5)
FNDA:1,(anonymous_6)
FNDA:1,(anonymous_7)
DA:1,10
DA:2,10
DA:5,10
DA:6,1
DA:7,1
DA:8,1
DA:9,1
DA:10,0
DA:11,0
DA:15,1
DA:20,10
DA:21,1
DA:22,1
DA:23,1
DA:24,0
DA:29,1
DA:36,10
DA:37,1
DA:40,1
DA:41,0
DA:45,1
DA:49,10
DA:50,1
DA:51,1
DA:52,0
DA:56,1
DA:57,1
LF:27
LH:22
BRDA:9,0,0,0
BRDA:9,0,1,1
BRDA:23,1,0,0
BRDA:23,1,1,1
BRDA:40,2,0,0
BRDA:40,2,1,1
BRDA:51,3,0,0
BRDA:51,3,1,1
BRDA:51,4,0,1
BRDA:51,4,1,1
BRF:10
BRH:6
end_of_record
TN:
SF:controllers\complaint.js
FN:4,(anonymous_0)
FN:7,(anonymous_1)
FNF:2
FNH:2
FNDA:1,(anonymous_0)
FNDA:1,(anonymous_1)
DA:1,10
DA:2,10
DA:4,10
DA:6,1
DA:7,1
DA:8,1
DA:9,0
DA:10,0
DA:14,1
LF:9
LH:7
BRDA:8,0,0,0
BRDA:8,0,1,1
BRF:2
BRH:1
end_of_record
TN:
SF:controllers\favorite.js
FN:4,(anonymous_0)
FN:5,(anonymous_1)
FN:17,(anonymous_2)
FN:22,(anonymous_3)
FN:39,(anonymous_4)
FN:49,(anonymous_5)
FN:61,(anonymous_6)
FN:63,(anonymous_7)
FNF:8
FNH:8
FNDA:1,(anonymous_0)
FNDA:1,(anonymous_1)
FNDA:1,(anonymous_2)
FNDA:1,(anonymous_3)
FNDA:1,(anonymous_4)
FNDA:1,(anonymous_5)
FNDA:1,(anonymous_6)
FNDA:1,(anonymous_7)
DA:1,10
DA:2,10
DA:4,10
DA:5,1
DA:6,1
DA:7,0
DA:11,1
DA:12,1
DA:17,10
DA:18,1
DA:19,1
DA:21,1
DA:22,1
DA:23,1
DA:24,0
DA:28,1
DA:33,0
DA:39,10
DA:41,1
DA:42,1
DA:43,1
DA:45,1
DA:50,1
DA:51,0
DA:56,1
DA:61,10
DA:62,1
DA:63,1
DA:64,1
DA:65,0
DA:70,1
LF:31
LH:26
BRDA:6,0,0,0
BRDA:6,0,1,1
BRDA:6,1,0,1
BRDA:6,1,1,1
BRDA:21,2,0,1
BRDA:21,2,1,0
BRDA:23,3,0,0
BRDA:23,3,1,1
BRDA:41,4,0,0
BRDA:41,4,1,1
BRDA:42,5,0,0
BRDA:42,5,1,1
BRDA:43,6,0,0
BRDA:43,6,1,1
BRDA:50,7,0,0
BRDA:50,7,1,1
BRDA:64,8,0,0
BRDA:64,8,1,1
BRF:18
BRH:10
end_of_record
TN:
SF:controllers\message.js
FN:5,(anonymous_0)
FN:8,(anonymous_1)
FN:20,(anonymous_2)
FN:23,(anonymous_3)
FNF:4
FNH:2
FNDA:2,(anonymous_0)
FNDA:2,(anonymous_1)
FNDA:0,(anonymous_2)
FNDA:0,(anonymous_3)
DA:1,10
DA:2,10
DA:5,10
DA:6,2
DA:7,2
DA:8,2
DA:9,2
DA:10,0
DA:11,0
DA:15,2
DA:20,10
DA:21,0
DA:24,0
DA:25,0
DA:29,0
LF:15
LH:9
BRDA:9,0,0,0
BRDA:9,0,1,2
BRDA:24,1,0,0
BRDA:24,1,1,0
BRF:4
BRH:1
end_of_record
TN:
SF:controllers\order.js
FN:7,(anonymous_0)
FN:21,(anonymous_1)
FN:38,(anonymous_2)
FN:71,(anonymous_3)
FN:117,(anonymous_4)
FN:145,(anonymous_5)
FNF:6
FNH:6
FNDA:1,(anonymous_0)
FNDA:1,(anonymous_1)
FNDA:1,(anonymous_2)
FNDA:1,(anonymous_3)
FNDA:1,(anonymous_4)
FNDA:1,(anonymous_5)
DA:1,10
DA:2,10
DA:3,10
DA:4,10
DA:5,10
DA:7,10
DA:8,1
DA:9,1
DA:10,1
DA:11,0
DA:13,1
DA:15,1
DA:17,0
DA:21,10
DA:22,1
DA:23,1
DA:24,1
DA:25,1
DA:26,1
DA:28,1
DA:29,1
DA:31,1
DA:32,1
DA:34,0
DA:38,10
DA:39,1
DA:40,1
DA:41,1
DA:42,1
DA:43,1
DA:45,1
DA:46,1
DA:47,1
DA:49,1
DA:50,1
DA:51,3
DA:52,3
DA:55,1
DA:65,1
DA:67,0
DA:71,10
DA:72,1
DA:73,1
DA:75,1
DA:76,1
DA:77,3
DA:78,3
DA:81,1
DA:82,1
DA:83,3
DA:84,3
DA:85,3
DA:87,3
DA:89,3
DA:111,1
DA:113,0
DA:117,10
DA:118,1
DA:119,1
DA:121,1
DA:122,1
DA:123,3
DA:124,3
DA:127,1
DA:128,1
DA:129,1
DA:130,3
DA:132,3
DA:135,1
DA:139,1
DA:141,0
DA:145,10
DA:146,1
DA:147,1
DA:149,1
DA:150,1
DA:151,3
DA:152,3
DA:155,1
DA:156,1
DA:157,1
DA:158,3
DA:160,1
DA:163,1
DA:165,0
LF:85
LH:78
BRDA:10,0,0,0
BRDA:10,0,1,1
BRDA:28,1,0,1
BRDA:28,1,1,0
BRDA:29,2,0,1
BRDA:29,2,1,0
BRF:6
BRH:3
end_of_record
TN:
SF:controllers\product.js
FN:7,(anonymous_0)
FN:8,(anonymous_1)
FN:19,(anonymous_2)
FN:24,(anonymous_3)
FN:26,(anonymous_4)
FN:40,(anonymous_5)
FN:43,(anonymous_6)
FN:70,(anonymous_7)
FN:84,(anonymous_8)
FN:87,(anonymous_9)
FN:113,(anonymous_10)
FN:128,(anonymous_11)
FN:138,(anonymous_12)
FN:148,(anonymous_13)
FN:158,(anonymous_14)
FN:169,(anonymous_15)
FN:178,(anonymous_16)
FN:189,(anonymous_17)
FN:220,(anonymous_18)
FN:233,(anonymous_19)
FNF:20
FNH:19
FNDA:6,(anonymous_0)
FNDA:6,(anonymous_1)
FNDA:1,(anonymous_2)
FNDA:1,(anonymous_3)
FNDA:1,(anonymous_4)
FNDA:1,(anonymous_5)
FNDA:1,(anonymous_6)
FNDA:1,(anonymous_7)
FNDA:1,(anonymous_8)
FNDA:1,(anonymous_9)
FNDA:1,(anonymous_10)
FNDA:1,(anonymous_11)
FNDA:1,(anonymous_12)
FNDA:1,(anonymous_13)
FNDA:1,(anonymous_14)
FNDA:1,(anonymous_15)
FNDA:1,(anonymous_16)
FNDA:2,(anonymous_17)
FNDA:2,(anonymous_18)
FNDA:0,(anonymous_19)
DA:1,10
DA:2,10
DA:3,10
DA:4,10
DA:5,10
DA:7,10
DA:8,6
DA:9,6
DA:10,0
DA:14,6
DA:15,6
DA:19,10
DA:20,1
DA:21,1
DA:24,10
DA:25,1
DA:26,1
DA:27,1
DA:28,0
DA:32,1
DA:33,1
DA:40,10
DA:41,1
DA:42,1
DA:43,1
DA:44,1
DA:45,0
DA:49,1
DA:51,1
DA:52,0
DA:57,1
DA:58,1
DA:60,1
DA:61,0
DA:62,0
DA:66,0
DA:67,0
DA:70,1
DA:71,1
DA:72,0
DA:73,0
DA:78,1
DA:84,10
DA:85,1
DA:86,1
DA:87,1
DA:88,1
DA:89,0
DA:93,1
DA:95,1
DA:96,0
DA:101,1
DA:103,1
DA:104,0
DA:105,0
DA:109,0
DA:110,0
DA:113,1
DA:114,1
DA:115,0
DA:116,0
DA:121,1
DA:128,10
DA:129,1
DA:130,1
DA:131,1
DA:133,1
DA:139,1
DA:140,0
DA:144,1
DA:148,10
DA:150,1
DA:151,1
DA:152,1
DA:153,1
DA:159,1
DA:160,0
DA:164,1
DA:169,10
DA:171,1
DA:172,1
DA:173,1
DA:179,1
DA:180,0
DA:184,1
DA:189,10
DA:190,2
DA:191,2
DA:192,2
DA:193,2
DA:194,2
DA:199,2
DA:200,1
DA:201,1
DA:204,0
DA:209,1
DA:214,2
DA:221,2
DA:222,0
DA:226,2
DA:233,10
DA:235,0
DA:236,0
DA:237,0
DA:239,0
LF:105
LH:78
BRDA:9,0,0,0
BRDA:9,0,1,6
BRDA:9,1,0,6
BRDA:9,1,1,6
BRDA:27,2,0,0
BRDA:27,2,1,1
BRDA:44,3,0,0
BRDA:44,3,1,1
BRDA:51,4,0,0
BRDA:51,4,1,1
BRDA:51,5,0,1
BRDA:51,5,1,1
BRDA:51,5,2,1
BRDA:51,5,3,1
BRDA:51,5,4,1
BRDA:60,6,0,0
BRDA:60,6,1,1
BRDA:61,7,0,0
BRDA:61,7,1,0
BRDA:71,8,0,0
BRDA:71,8,1,1
BRDA:88,9,0,0
BRDA:88,9,1,1
BRDA:95,10,0,0
BRDA:95,10,1,1
BRDA:95,11,0,1
BRDA:95,11,1,1
BRDA:95,11,2,1
BRDA:95,11,3,1
BRDA:95,11,4,1
BRDA:103,12,0,0
BRDA:103,12,1,1
BRDA:104,13,0,0
BRDA:104,13,1,0
BRDA:114,14,0,0
BRDA:114,14,1,1
BRDA:129,15,0,0
BRDA:129,15,1,1
BRDA:130,16,0,0
BRDA:130,16,1,1
BRDA:131,17,0,0
BRDA:131,17,1,1
BRDA:139,18,0,0
BRDA:139,18,1,1
BRDA:150,19,0,0
BRDA:150,19,1,1
BRDA:151,20,0,0
BRDA:151,20,1,1
BRDA:152,21,0,0
BRDA:152,21,1,1
BRDA:159,22,0,0
BRDA:159,22,1,1
BRDA:171,23,0,0
BRDA:171,23,1,1
BRDA:172,24,0,0
BRDA:172,24,1,1
BRDA:179,25,0,0
BRDA:179,25,1,1
BRDA:190,26,0,0
BRDA:190,26,1,2
BRDA:191,27,0,0
BRDA:191,27,1,2
BRDA:192,28,0,0
BRDA:192,28,1,2
BRDA:200,29,0,1
BRDA:200,29,1,0
BRDA:201,30,0,0
BRDA:201,30,1,1
BRDA:221,31,0,0
BRDA:221,31,1,2
BRDA:235,32,0,0
BRDA:235,32,1,0
BRF:72
BRH:39
end_of_record
TN:
SF:controllers\rate.js
FN:4,(anonymous_0)
FN:33,(anonymous_1)
FNF:2
FNH:2
FNDA:1,(anonymous_0)
FNDA:1,(anonymous_1)
DA:1,10
DA:2,10
DA:4,10
DA:5,1
DA:6,1
DA:8,1
DA:9,1
DA:11,1
DA:14,1
DA:21,1
DA:22,1
DA:27,0
DA:28,0
DA:33,10
DA:34,1
DA:35,1
DA:36,1
DA:37,1
DA:39,1
DA:40,1
DA:47,1
DA:48,1
DA:52,0
LF:23
LH:20
BRDA:8,0,0,1
BRDA:8,0,1,1
BRDA:9,1,0,1
BRDA:9,1,1,1
BRDA:21,2,0,1
BRDA:21,2,1,0
BRDA:36,3,0,1
BRDA:36,3,1,1
BRDA:37,4,0,1
BRDA:37,4,1,1
BRDA:47,5,0,1
BRDA:47,5,1,0
BRF:12
BRH:10
end_of_record
TN:
SF:controllers\user.js
FN:3,(anonymous_0)
FN:4,(anonymous_1)
FN:15,(anonymous_2)
FN:22,(anonymous_3)
FN:23,(anonymous_4)
FNF:5
FNH:5
FNDA:34,(anonymous_0)
FNDA:34,(anonymous_1)
FNDA:1,(anonymous_2)
FNDA:1,(anonymous_3)
FNDA:1,(anonymous_4)
DA:1,10
DA:3,10
DA:4,34
DA:5,34
DA:6,0
DA:10,34
DA:11,34
DA:15,10
DA:16,1
DA:17,1
DA:18,1
DA:22,10
DA:23,1
DA:24,1
DA:25,0
DA:29,1
DA:30,1
DA:31,1
LF:18
LH:16
BRDA:5,0,0,0
BRDA:5,0,1,34
BRDA:5,1,0,34
BRDA:5,1,1,34
BRDA:24,2,0,0
BRDA:24,2,1,1
BRF:6
BRH:4
end_of_record
TN:
SF:helpers\dbErrorHandler.js
FN:6,(anonymous_0)
FN:27,(anonymous_1)
FNF:2
FNH:2
FNDA:1,(anonymous_0)
FNDA:1,(anonymous_1)
DA:6,10
DA:8,1
DA:9,1
DA:13,1
DA:18,0
DA:21,1
DA:27,10
DA:28,1
DA:30,1
DA:32,1
DA:34,1
DA:35,1
DA:37,0
DA:38,0
DA:40,0
DA:43,0
DA:44,0
DA:45,0
DA:49,1
DA:50,1
LF:20
LH:13
BRDA:30,0,0,1
BRDA:30,0,1,0
BRDA:32,1,0,1
BRDA:32,1,1,0
BRDA:32,1,2,0
BRDA:44,2,0,0
BRDA:44,2,1,0
BRF:7
BRH:2
end_of_record
TN:
SF:helpers\sendEmail.js
FN:4,sendEmailToProducer
FN:18,(anonymous_1)
FN:32,sendEmailToCustomer
FN:44,(anonymous_3)
FNF:4
FNH:4
FNDA:3,sendEmailToProducer
FNDA:9,(anonymous_1)
FNDA:1,sendEmailToCustomer
FNDA:3,(anonymous_3)
DA:1,10
DA:2,10
DA:5,3
DA:19,9
DA:29,3
DA:33,1
DA:45,3
DA:56,1
DA:59,10
DA:60,10
LF:10
LH:10
BRF:0
BRH:0
end_of_record
TN:
SF:models\basket.js
FN:21,(anonymous_0)
FNF:1
FNH:1
FNDA:8,(anonymous_0)
DA:1,10
DA:2,10
DA:3,10
DA:5,10
DA:7,10
DA:21,10
DA:22,8
DA:24,8
DA:26,8
DA:27,8
DA:28,23
DA:29,23
DA:30,8
DA:32,15
DA:35,8
DA:38,10
LF:16
LH:16
BRDA:29,0,0,8
BRDA:29,0,1,15
BRF:2
BRH:2
end_of_record
TN:
SF:models\basketLine.js
FNF:0
FNH:0
DA:1,10
DA:2,10
DA:4,10
DA:23,10
LF:4
LH:4
BRF:0
BRH:0
end_of_record
TN:
SF:models\category.js
FNF:0
FNH:0
DA:1,10
DA:3,10
DA:13,10
LF:3
LH:3
BRF:0
BRH:0
end_of_record
TN:
SF:models\comment.js
FNF:0
FNH:0
DA:1,10
DA:2,10
DA:4,10
DA:24,10
LF:4
LH:4
BRF:0
BRH:0
end_of_record
TN:
SF:models\complaint.js
FN:35,(anonymous_0)
FNF:1
FNH:1
FNDA:1,(anonymous_0)
DA:1,10
DA:2,10
DA:3,10
DA:4,10
DA:6,10
DA:8,10
DA:35,10
DA:36,1
DA:37,1
DA:38,1
DA:39,1
DA:51,1
DA:53,10
LF:13
LH:13
BRF:0
BRH:0
end_of_record
TN:
SF:models\favorite.js
FNF:0
FNH:0
DA:1,10
DA:2,10
DA:4,10
DA:18,10
LF:4
LH:4
BRF:0
BRH:0
end_of_record
TN:
SF:models\message.js
FNF:0
FNH:0
DA:1,10
DA:2,10
DA:4,10
DA:29,10
LF:4
LH:4
BRF:0
BRH:0
end_of_record
TN:
SF:models\order.js
FNF:0
FNH:0
DA:1,10
DA:3,10
DA:5,10
DA:28,10
LF:4
LH:4
BRF:0
BRH:0
end_of_record
TN:
SF:models\orderItem.js
FNF:0
FNH:0
DA:1,10
DA:3,10
DA:5,10
DA:30,10
LF:4
LH:4
BRF:0
BRH:0
end_of_record
TN:
SF:models\product.js
FNF:0
FNH:0
DA:1,10
DA:2,10
DA:4,10
DA:70,10
LF:4
LH:4
BRF:0
BRH:0
end_of_record
TN:
SF:models\user.js
FN:62,(anonymous_0)
FN:67,(anonymous_1)
FN:72,(anonymous_2)
FN:76,(anonymous_3)
FNF:4
FNH:4
FNDA:85,(anonymous_0)
FNDA:1,(anonymous_1)
FNDA:2,(anonymous_2)
FNDA:87,(anonymous_3)
DA:1,10
DA:2,10
DA:3,10
DA:5,10
DA:61,10
DA:63,85
DA:64,85
DA:65,85
DA:68,1
DA:71,10
DA:73,2
DA:77,87
DA:78,87
DA:79,87
DA:83,0
DA:87,10
LF:16
LH:15
BRDA:77,0,0,0
BRDA:77,0,1,87
BRF:2
BRH:1
end_of_record
TN:
SF:routes\auth.js
FNF:0
FNH:0
DA:1,10
DA:2,10
DA:8,10
DA:10,10
DA:12,10
DA:13,10
DA:14,10
DA:16,10
LF:8
LH:8
BRF:0
BRH:0
end_of_record
TN:
SF:routes\basket.js
FNF:0
FNH:0
DA:1,10
DA:2,10
DA:4,10
DA:5,10
DA:6,10
DA:8,10
DA:9,10
DA:10,10
DA:11,10
DA:12,10
DA:13,10
DA:15,10
DA:17,10
LF:13
LH:13
BRF:0
BRH:0
end_of_record
TN:
SF:routes\category.js
FNF:0
FNH:0
DA:1,10
DA:2,10
DA:4,10
DA:5,10
DA:6,10
DA:8,10
DA:9,10
DA:10,10
DA:11,10
DA:12,10
DA:14,10
DA:15,10
DA:17,10
LF:13
LH:13
BRF:0
BRH:0
end_of_record
TN:
SF:routes\comment.js
FNF:0
FNH:0
DA:1,10
DA:2,10
DA:4,10
DA:5,10
DA:6,10
DA:7,10
DA:10,10
DA:11,10
DA:12,10
DA:14,10
DA:15,10
DA:16,10
DA:18,10
LF:13
LH:13
BRF:0
BRH:0
end_of_record
TN:
SF:routes\complaint.js
FNF:0
FNH:0
DA:1,10
DA:2,10
DA:4,10
DA:5,10
DA:6,10
DA:9,10
DA:11,10
DA:13,10
LF:8
LH:8
BRF:0
BRH:0
end_of_record
TN:
SF:routes\favorite.js
FNF:0
FNH:0
DA:1,10
DA:2,10
DA:4,10
DA:5,10
DA:6,10
DA:8,10
DA:9,10
DA:10,10
DA:12,10
DA:13,10
DA:15,10
LF:11
LH:11
BRF:0
BRH:0
end_of_record
TN:
SF:routes\message.js
FNF:0
FNH:0
DA:1,10
DA:2,10
DA:4,10
DA:5,10
DA:6,10
DA:7,10
DA:10,10
DA:11,10
DA:13,10
DA:14,10
DA:16,10
LF:11
LH:11
BRF:0
BRH:0
end_of_record
TN:
SF:routes\order.js
FNF:0
FNH:0
DA:1,10
DA:2,10
DA:4,10
DA:5,10
DA:6,10
DA:8,10
DA:9,10
DA:10,10
DA:11,10
DA:12,10
DA:13,10
DA:15,10
DA:17,10
LF:13
LH:13
BRF:0
BRH:0
end_of_record
TN:
SF:routes\product.js
FNF:0
FNH:0
DA:1,10
DA:2,10
DA:4,10
DA:5,10
DA:6,10
DA:7,10
DA:9,10
DA:10,10
DA:11,10
DA:12,10
DA:13,10
DA:14,10
DA:15,10
DA:16,10
DA:17,10
DA:19,10
DA:20,10
DA:21,10
DA:23,10
LF:19
LH:19
BRF:0
BRH:0
end_of_record
TN:
SF:routes\rate.js
FNF:0
FNH:0
DA:1,10
DA:2,10
DA:4,10
DA:5,10
DA:6,10
DA:8,10
DA:9,10
DA:11,10
DA:13,10
LF:9
LH:9
BRF:0
BRH:0
end_of_record
TN:
SF:routes\user.js
FN:7,(anonymous_0)
FNF:1
FNH:0
FNDA:0,(anonymous_0)
DA:1,10
DA:2,10
DA:4,10
DA:5,10
DA:7,10
DA:8,0
DA:13,10
DA:14,10
DA:16,10
DA:19,10
LF:10
LH:9
BRF:0
BRH:0
end_of_record
TN:
SF:tests\fixtures\basketDb.js
FN:107,(anonymous_0)
FNF:1
FNH:1
FNDA:9,(anonymous_0)
DA:1,1
DA:2,1
DA:3,1
DA:4,1
DA:5,1
DA:6,1
DA:7,1
DA:9,1
DA:10,1
DA:19,1
DA:20,1
DA:30,1
DA:31,1
DA:36,1
DA:37,1
DA:42,1
DA:43,1
DA:52,1
DA:53,1
DA:62,1
DA:63,1
DA:74,1
DA:75,1
DA:84,1
DA:85,1
DA:91,1
DA:92,1
DA:99,1
DA:100,1
DA:107,1
DA:108,9
DA:109,9
DA:110,9
DA:111,9
DA:112,9
DA:114,9
DA:115,9
DA:116,9
DA:117,9
DA:118,9
DA:119,9
DA:120,9
DA:121,9
DA:122,9
DA:123,9
DA:124,9
DA:127,1
LF:47
LH:47
BRF:0
BRH:0
end_of_record
TN:
SF:tests\fixtures\categoryDb.js
FN:34,(anonymous_0)
FNF:1
FNH:1
FNDA:2,(anonymous_0)
DA:1,1
DA:2,1
DA:3,1
DA:4,1
DA:5,1
DA:7,1
DA:8,1
DA:18,1
DA:19,1
DA:24,1
DA:25,1
DA:34,1
DA:35,2
DA:36,2
DA:38,2
DA:39,2
DA:42,1
LF:17
LH:17
BRF:0
BRH:0
end_of_record
TN:
SF:tests\fixtures\commentDb.js
FN:57,(anonymous_0)
FNF:1
FNH:1
FNDA:3,(anonymous_0)
DA:1,1
DA:2,1
DA:3,1
DA:4,1
DA:5,1
DA:6,1
DA:8,1
DA:9,1
DA:19,1
DA:20,1
DA:31,1
DA:32,1
DA:38,1
DA:39,1
DA:48,1
DA:49,1
DA:57,1
DA:58,3
DA:59,3
DA:60,3
DA:61,3
DA:62,3
DA:63,3
DA:64,3
DA:65,3
DA:66,3
DA:69,1
LF:27
LH:27
BRF:0
BRH:0
end_of_record
TN:
SF:tests\fixtures\complaintDb.js
FN:30,(anonymous_0)
FNF:1
FNH:1
FNDA:1,(anonymous_0)
DA:1,1
DA:2,1
DA:3,1
DA:4,1
DA:6,1
DA:7,1
DA:18,1
DA:19,1
DA:30,1
DA:31,1
DA:32,1
DA:33,1
DA:34,1
DA:37,1
LF:14
LH:14
BRF:0
BRH:0
end_of_record
TN:
SF:tests\fixtures\favoriteDb.js
FN:66,(anonymous_0)
FNF:1
FNH:1
FNDA:3,(anonymous_0)
DA:1,1
DA:2,1
DA:3,1
DA:4,1
DA:5,1
DA:6,1
DA:8,1
DA:9,1
DA:19,1
DA:20,1
DA:31,1
DA:32,1
DA:38,1
DA:39,1
DA:48,1
DA:49,1
DA:58,1
DA:59,1
DA:66,1
DA:67,3
DA:68,3
DA:69,3
DA:70,3
DA:71,3
DA:72,3
DA:73,3
DA:74,3
DA:75,3
DA:76,3
DA:79,1
LF:30
LH:30
BRF:0
BRH:0
end_of_record
TN:
SF:tests\fixtures\messageDb.js
FN:56,(anonymous_0)
FNF:1
FNH:1
FNDA:2,(anonymous_0)
DA:1,1
DA:2,1
DA:3,1
DA:4,1
DA:5,1
DA:6,1
DA:8,1
DA:9,1
DA:19,1
DA:20,1
DA:30,1
DA:31,1
DA:36,1
DA:37,1
DA:46,1
DA:47,1
DA:56,1
DA:57,2
DA:58,2
DA:59,2
DA:60,2
DA:61,2
DA:62,2
DA:63,2
DA:64,2
DA:65,2
DA:68,1
LF:27
LH:27
BRF:0
BRH:0
end_of_record
TN:
SF:tests\fixtures\orderDb.js
FN:101,(anonymous_0)
FNF:1
FNH:1
FNDA:6,(anonymous_0)
DA:1,1
DA:2,1
DA:3,1
DA:4,1
DA:5,1
DA:6,1
DA:7,1
DA:9,1
DA:10,1
DA:19,1
DA:20,1
DA:30,1
DA:31,1
DA:36,1
DA:37,1
DA:46,1
DA:47,1
DA:56,1
DA:57,1
DA:68,1
DA:69,1
DA:77,1
DA:78,1
DA:85,1
DA:86,1
DA:93,1
DA:94,1
DA:101,1
DA:102,6
DA:103,6
DA:104,6
DA:105,6
DA:106,6
DA:108,6
DA:109,6
DA:110,6
DA:111,6
DA:112,6
DA:113,6
DA:114,6
DA:115,6
DA:116,6
DA:117,6
DA:120,1
LF:44
LH:44
BRF:0
BRH:0
end_of_record
TN:
SF:tests\fixtures\productDb.js
FN:45,(anonymous_0)
FNF:1
FNH:1
FNDA:10,(anonymous_0)
DA:1,1
DA:2,1
DA:3,1
DA:4,1
DA:5,1
DA:7,1
DA:8,1
DA:18,1
DA:19,1
DA:29,1
DA:30,1
DA:35,1
DA:36,1
DA:45,1
DA:46,10
DA:47,10
DA:48,10
DA:50,10
DA:51,10
DA:52,10
DA:53,10
DA:56,1
LF:22
LH:22
BRF:0
BRH:0
end_of_record
TN:
SF:tests\fixtures\rateDb.js
FN:48,(anonymous_0)
FNF:1
FNH:1
FNDA:2,(anonymous_0)
DA:1,1
DA:2,1
DA:3,1
DA:4,1
DA:5,1
DA:7,1
DA:8,1
DA:18,1
DA:19,1
DA:29,1
DA:30,1
DA:36,1
DA:37,1
DA:48,1
DA:49,2
DA:50,2
DA:51,2
DA:52,2
DA:53,2
DA:54,2
DA:55,2
DA:58,1
LF:22
LH:22
BRF:0
BRH:0
end_of_record
TN:
SF:tests\fixtures\userDb.js
FN:15,(anonymous_0)
FNF:1
FNH:1
FNDA:9,(anonymous_0)
DA:1,1
DA:2,1
DA:3,1
DA:5,1
DA:6,1
DA:15,1
DA:16,9
DA:17,9
DA:20,1
LF:9
LH:9
BRF:0
BRH:0
end_of_record
TN:
SF:validators\index.js
FN:1,(anonymous_0)
FN:19,(anonymous_1)
FNF:2
FNH:1
FNDA:2,(anonymous_0)
FNDA:0,(anonymous_1)
DA:1,10
DA:2,2
DA:3,2
DA:4,2
DA:11,2
DA:12,2
DA:17,2
DA:18,2
DA:19,0
DA:20,0
DA:22,2
LF:11
LH:9
BRDA:18,0,0,0
BRDA:18,0,1,2
BRF:2
BRH:1
end_of_record
